Agent Group Id: 01CAKB25000000000009
Agent Group Name: EDM_CDI_SA_GRP
Agent Name: edm.idmc.sa2.dev.nylcloud.com
Agent Id: 01CAKB0800000000000U
Task Name: m_RsDimClient_WK
Task Type: MTT_DP
Task Id: 01CAKB17000000000BTL
Run Id: 7
Service Id: 2415598
Started By: wkhan01
Run Context Type: ICS_UI
07/05/2024 06:24:12 **** Importing Connection: Conn_01CAKB0B00000000002V ...
07/05/2024 06:24:13 **** Importing Source Definition: DUMMY_SRC_CzCtcpMkRl ...
07/05/2024 06:24:13 **** Importing Source Definition: DUMMY_SRC_Privacy ...
07/05/2024 06:24:13 **** Importing Source Definition: DUMMY_SRC_CzClient ...
07/05/2024 06:24:13 **** Importing Source Definition: DUMMY_SRC_CzMkTitleAtv ...
07/05/2024 06:24:13 **** Importing Source Definition: DUMMY_SRC_CzMkStatusAtv ...
07/05/2024 06:24:13 **** Importing Source Definition: DUMMY_SRC_CzConrol ...
07/05/2024 06:24:13 **** Importing Source Definition: DUMMY_SRC_DimContract ...
07/05/2024 06:24:13 **** Importing Target Definition: preview_01CAKB17000000000BTL_DataPreviewTarget_000C_01_csv ...
07/05/2024 06:24:13 **** Importing Target Definition: preview_01CAKB17000000000BTL_DataPreviewTarget_0012_01_csv ...
07/05/2024 06:24:13 **** Importing Target Definition: preview_01CAKB17000000000BTL_DataPreviewTarget_0016_01_csv ...
07/05/2024 06:24:13 **** Importing Target Definition: preview_01CAKB17000000000BTL_DataPreviewTarget_001A_01_csv ...
07/05/2024 06:24:13 **** Importing Target Definition: preview_01CAKB17000000000BTL_DataPreviewTarget_0027_01_csv ...
07/05/2024 06:24:13 **** Importing Target Definition: preview_01CAKB17000000000BTL_DataPreviewTarget_0028_01_csv ...
07/05/2024 06:24:13 **** Importing Target Definition: preview_01CAKB17000000000BTL_DataPreviewTarget_0029_01_csv ...
07/05/2024 06:24:13 **** Importing Target Definition: preview_01CAKB17000000000BTL_DataPreviewTarget_0007_01_csv ...
07/05/2024 06:24:13 **** Importing Target Definition: preview_01CAKB17000000000BTL_DataPreviewTarget_000F_01_csv ...
07/05/2024 06:24:13 **** Importing Target Definition: preview_01CAKB17000000000BTL_DataPreviewTarget_0010_01_csv ...
07/05/2024 06:24:13 **** Importing Target Definition: preview_01CAKB17000000000BTL_DataPreviewTarget_0010_02_csv ...
07/05/2024 06:24:13 **** Importing Target Definition: preview_01CAKB17000000000BTL_DataPreviewTarget_0010_03_csv ...
07/05/2024 06:24:13 **** Importing Target Definition: preview_01CAKB17000000000BTL_DataPreviewTarget_0001_01_csv ...
07/05/2024 06:24:13 **** Importing Target Definition: preview_01CAKB17000000000BTL_DataPreviewTarget_0002_01_csv ...
07/05/2024 06:24:13 **** Importing Target Definition: preview_01CAKB17000000000BTL_DataPreviewTarget_002C_01_csv ...
07/05/2024 06:24:13 **** Importing Target Definition: preview_01CAKB17000000000BTL_DataPreviewTarget_002A_01_csv ...
07/05/2024 06:24:13 **** Importing Target Definition: preview_01CAKB17000000000BTL_DataPreviewTarget_000D_01_csv ...
07/05/2024 06:24:13 **** Importing Target Definition: preview_01CAKB17000000000BTL_DataPreviewTarget_0011_01_csv ...
07/05/2024 06:24:13 **** Importing Target Definition: preview_01CAKB17000000000BTL_DataPreviewTarget_0011_02_csv ...
07/05/2024 06:24:13 **** Importing Target Definition: preview_01CAKB17000000000BTL_DataPreviewTarget_0011_03_csv ...
07/05/2024 06:24:13 **** Importing Target Definition: preview_01CAKB17000000000BTL_DataPreviewTarget_0006_01_csv ...
07/05/2024 06:24:13 **** Importing Target Definition: preview_01CAKB17000000000BTL_DataPreviewTarget_0005_01_csv ...
07/05/2024 06:24:13 **** Importing Target Definition: preview_01CAKB17000000000BTL_DataPreviewTarget_000A_01_csv ...
07/05/2024 06:24:13 **** Importing Target Definition: preview_01CAKB17000000000BTL_DataPreviewTarget_002B_01_csv ...
07/05/2024 06:24:13 **** Importing Target Definition: preview_01CAKB17000000000BTL_DataPreviewTarget_000B_01_csv ...
07/05/2024 06:24:13 **** Importing Target Definition: preview_01CAKB17000000000BTL_DataPreviewTarget_000B_02_csv ...
07/05/2024 06:24:13 **** Importing Target Definition: preview_01CAKB17000000000BTL_DataPreviewTarget_0023_01_csv ...
07/05/2024 06:24:13 **** Importing Target Definition: preview_01CAKB17000000000BTL_DataPreviewTarget_0019_01_csv ...
07/05/2024 06:24:13 **** Importing Target Definition: preview_01CAKB17000000000BTL_DataPreviewTarget_000E_01_csv ...
07/05/2024 06:24:13 **** Importing Target Definition: preview_01CAKB17000000000BTL_DataPreviewTarget_000E_02_csv ...
07/05/2024 06:24:13 **** Importing Target Definition: preview_01CAKB17000000000BTL_DataPreviewTarget_000E_03_csv ...
07/05/2024 06:24:13 **** Importing Target Definition: preview_01CAKB17000000000BTL_DataPreviewTarget_000E_04_csv ...
07/05/2024 06:24:13 **** Importing Target Definition: preview_01CAKB17000000000BTL_DataPreviewTarget_0004_01_csv ...
07/05/2024 06:24:13 **** Importing Target Definition: preview_01CAKB17000000000BTL_DataPreviewTarget_0003_01_csv ...
07/05/2024 06:24:13 **** Importing Target Definition: preview_01CAKB17000000000BTL_DataPreviewTarget_001D_01_csv ...
07/05/2024 06:24:13 **** Importing Target Definition: preview_01CAKB17000000000BTL_DataPreviewTarget_0024_01_csv ...
07/05/2024 06:24:13 **** Importing Target Definition: preview_01CAKB17000000000BTL_DataPreviewTarget_0025_01_csv ...
07/05/2024 06:24:13 **** Importing Target Definition: preview_01CAKB17000000000BTL_DataPreviewTarget_0018_01_csv ...
07/05/2024 06:24:13 **** Importing Target Definition: preview_01CAKB17000000000BTL_DataPreviewTarget_0014_01_csv ...
07/05/2024 06:24:13 **** Importing Target Definition: preview_01CAKB17000000000BTL_DataPreviewTarget_0014_02_csv ...
07/05/2024 06:24:13 **** Importing Target Definition: preview_01CAKB17000000000BTL_DataPreviewTarget_0014_03_csv ...
07/05/2024 06:24:13 **** Importing Target Definition: preview_01CAKB17000000000BTL_DataPreviewTarget_0008_01_csv ...
07/05/2024 06:24:13 **** Importing Target Definition: preview_01CAKB17000000000BTL_DataPreviewTarget_0015_01_csv ...
07/05/2024 06:24:13 **** Importing Target Definition: preview_01CAKB17000000000BTL_DataPreviewTarget_0015_02_csv ...
07/05/2024 06:24:13 **** Importing Target Definition: preview_01CAKB17000000000BTL_DataPreviewTarget_0015_03_csv ...
07/05/2024 06:24:13 **** Importing Target Definition: preview_01CAKB17000000000BTL_DataPreviewTarget_001B_01_csv ...
07/05/2024 06:24:13 **** Importing Target Definition: preview_01CAKB17000000000BTL_DataPreviewTarget_001E_01_csv ...
07/05/2024 06:24:13 **** Importing Target Definition: preview_01CAKB17000000000BTL_DataPreviewTarget_001F_01_csv ...
07/05/2024 06:24:13 **** Importing Target Definition: preview_01CAKB17000000000BTL_DataPreviewTarget_0020_01_csv ...
07/05/2024 06:24:13 **** Importing Target Definition: preview_01CAKB17000000000BTL_DataPreviewTarget_0013_01_csv ...
07/05/2024 06:24:13 **** Importing Target Definition: preview_01CAKB17000000000BTL_DataPreviewTarget_001C_01_csv ...
07/05/2024 06:24:13 **** Importing Target Definition: preview_01CAKB17000000000BTL_DataPreviewTarget_0017_01_csv ...
07/05/2024 06:24:13 **** Importing Target Definition: preview_01CAKB17000000000BTL_DataPreviewTarget_0017_02_csv ...
07/05/2024 06:24:13 **** Importing Target Definition: preview_01CAKB17000000000BTL_DataPreviewTarget_0017_03_csv ...
07/05/2024 06:24:13 **** Importing Target Definition: preview_01CAKB17000000000BTL_DataPreviewTarget_0009_01_csv ...
07/05/2024 06:24:13 **** Importing Target Definition: preview_01CAKB17000000000BTL_DataPreviewTarget_0021_01_csv ...
07/05/2024 06:24:13 **** Importing Target Definition: preview_01CAKB17000000000BTL_DataPreviewTarget_0022_01_csv ...
07/05/2024 06:24:13 **** Importing Target Definition: preview_01CAKB17000000000BTL_DataPreviewTarget_002D_01_csv ...
07/05/2024 06:24:13 **** Importing Target Definition: preview_01CAKB17000000000BTL_DataPreviewTarget_0026_01_csv ...
07/05/2024 06:24:13 **** Importing SessionConfig: default_session_config ...
    <Warning> :  The Error Log DB Connection value should have Relational: as the prefix.
    <Warning> :  Invalid value  for attribute Error Log DB Connection. Will use the default value 
    Validating Source Definition  DUMMY_SRC_DimContract...
    Validating Source Definition  DUMMY_SRC_CzConrol...
    Validating Source Definition  DUMMY_SRC_CzMkStatusAtv...
    Validating Source Definition  DUMMY_SRC_CzMkTitleAtv...
    Validating Source Definition  DUMMY_SRC_CzClient...
    Validating Source Definition  DUMMY_SRC_Privacy...
    Validating Source Definition  DUMMY_SRC_CzCtcpMkRl...
    Validating Target Definition  preview_01CAKB17000000000BTL_DataPreviewTarget_0026_01_csv...
    Validating Target Definition  preview_01CAKB17000000000BTL_DataPreviewTarget_002D_01_csv...
    Validating Target Definition  preview_01CAKB17000000000BTL_DataPreviewTarget_0022_01_csv...
    Validating Target Definition  preview_01CAKB17000000000BTL_DataPreviewTarget_0021_01_csv...
    Validating Target Definition  preview_01CAKB17000000000BTL_DataPreviewTarget_0009_01_csv...
    <Error> : Field LastRowInGroup:  The Length/Precision must be greater than 0.
** Failed to Import: preview_01CAKB17000000000BTL_DataPreviewTarget_0009_01_csv
    Validating Target Definition  preview_01CAKB17000000000BTL_DataPreviewTarget_0017_03_csv...
    <Error> : Field LastRowInGroup:  The Length/Precision must be greater than 0.
** Failed to Import: preview_01CAKB17000000000BTL_DataPreviewTarget_0017_03_csv
    Validating Target Definition  preview_01CAKB17000000000BTL_DataPreviewTarget_0017_02_csv...
    <Error> : Field LastRowInGroup:  The Length/Precision must be greater than 0.
** Failed to Import: preview_01CAKB17000000000BTL_DataPreviewTarget_0017_02_csv
    Validating Target Definition  preview_01CAKB17000000000BTL_DataPreviewTarget_0017_01_csv...
    <Error> : Field LastRowInGroup:  The Length/Precision must be greater than 0.
** Failed to Import: preview_01CAKB17000000000BTL_DataPreviewTarget_0017_01_csv
    Validating Target Definition  preview_01CAKB17000000000BTL_DataPreviewTarget_001C_01_csv...
    <Error> : Field LastRowInGroup:  The Length/Precision must be greater than 0.
** Failed to Import: preview_01CAKB17000000000BTL_DataPreviewTarget_001C_01_csv
    Validating Target Definition  preview_01CAKB17000000000BTL_DataPreviewTarget_0013_01_csv...
    Validating Target Definition  preview_01CAKB17000000000BTL_DataPreviewTarget_0020_01_csv...
    Validating Target Definition  preview_01CAKB17000000000BTL_DataPreviewTarget_001F_01_csv...
    Validating Target Definition  preview_01CAKB17000000000BTL_DataPreviewTarget_001E_01_csv...
    Validating Target Definition  preview_01CAKB17000000000BTL_DataPreviewTarget_001B_01_csv...
    Validating Target Definition  preview_01CAKB17000000000BTL_DataPreviewTarget_0015_03_csv...
    Validating Target Definition  preview_01CAKB17000000000BTL_DataPreviewTarget_0015_02_csv...
    Validating Target Definition  preview_01CAKB17000000000BTL_DataPreviewTarget_0015_01_csv...
    Validating Target Definition  preview_01CAKB17000000000BTL_DataPreviewTarget_0008_01_csv...
    Validating Target Definition  preview_01CAKB17000000000BTL_DataPreviewTarget_0014_03_csv...
    Validating Target Definition  preview_01CAKB17000000000BTL_DataPreviewTarget_0014_02_csv...
    Validating Target Definition  preview_01CAKB17000000000BTL_DataPreviewTarget_0014_01_csv...
    Validating Target Definition  preview_01CAKB17000000000BTL_DataPreviewTarget_0018_01_csv...
    Validating Target Definition  preview_01CAKB17000000000BTL_DataPreviewTarget_0025_01_csv...
    Validating Target Definition  preview_01CAKB17000000000BTL_DataPreviewTarget_0024_01_csv...
    Validating Target Definition  preview_01CAKB17000000000BTL_DataPreviewTarget_001D_01_csv...
    Validating Target Definition  preview_01CAKB17000000000BTL_DataPreviewTarget_0003_01_csv...
    Validating Target Definition  preview_01CAKB17000000000BTL_DataPreviewTarget_0004_01_csv...
    Validating Target Definition  preview_01CAKB17000000000BTL_DataPreviewTarget_000E_04_csv...
    Validating Target Definition  preview_01CAKB17000000000BTL_DataPreviewTarget_000E_03_csv...
    Validating Target Definition  preview_01CAKB17000000000BTL_DataPreviewTarget_000E_02_csv...
    Validating Target Definition  preview_01CAKB17000000000BTL_DataPreviewTarget_000E_01_csv...
    Validating Target Definition  preview_01CAKB17000000000BTL_DataPreviewTarget_0019_01_csv...
    Validating Target Definition  preview_01CAKB17000000000BTL_DataPreviewTarget_0023_01_csv...
    Validating Target Definition  preview_01CAKB17000000000BTL_DataPreviewTarget_000B_02_csv...
    Validating Target Definition  preview_01CAKB17000000000BTL_DataPreviewTarget_000B_01_csv...
    Validating Target Definition  preview_01CAKB17000000000BTL_DataPreviewTarget_002B_01_csv...
    Validating Target Definition  preview_01CAKB17000000000BTL_DataPreviewTarget_000A_01_csv...
    Validating Target Definition  preview_01CAKB17000000000BTL_DataPreviewTarget_0005_01_csv...
    Validating Target Definition  preview_01CAKB17000000000BTL_DataPreviewTarget_0006_01_csv...
    Validating Target Definition  preview_01CAKB17000000000BTL_DataPreviewTarget_0011_03_csv...
    Validating Target Definition  preview_01CAKB17000000000BTL_DataPreviewTarget_0011_02_csv...
    Validating Target Definition  preview_01CAKB17000000000BTL_DataPreviewTarget_0011_01_csv...
    Validating Target Definition  preview_01CAKB17000000000BTL_DataPreviewTarget_000D_01_csv...
    Validating Target Definition  preview_01CAKB17000000000BTL_DataPreviewTarget_002A_01_csv...
    Validating Target Definition  preview_01CAKB17000000000BTL_DataPreviewTarget_002C_01_csv...
    Validating Target Definition  preview_01CAKB17000000000BTL_DataPreviewTarget_0002_01_csv...
    Validating Target Definition  preview_01CAKB17000000000BTL_DataPreviewTarget_0001_01_csv...
    Validating Target Definition  preview_01CAKB17000000000BTL_DataPreviewTarget_0010_03_csv...
    Validating Target Definition  preview_01CAKB17000000000BTL_DataPreviewTarget_0010_02_csv...
    Validating Target Definition  preview_01CAKB17000000000BTL_DataPreviewTarget_0010_01_csv...
    Validating Target Definition  preview_01CAKB17000000000BTL_DataPreviewTarget_000F_01_csv...
    Validating Target Definition  preview_01CAKB17000000000BTL_DataPreviewTarget_0007_01_csv...
    Validating Target Definition  preview_01CAKB17000000000BTL_DataPreviewTarget_0029_01_csv...
    Validating Target Definition  preview_01CAKB17000000000BTL_DataPreviewTarget_0028_01_csv...
    Validating Target Definition  preview_01CAKB17000000000BTL_DataPreviewTarget_0027_01_csv...
    Validating Target Definition  preview_01CAKB17000000000BTL_DataPreviewTarget_001A_01_csv...
    Validating Target Definition  preview_01CAKB17000000000BTL_DataPreviewTarget_0016_01_csv...
    Validating Target Definition  preview_01CAKB17000000000BTL_DataPreviewTarget_0012_01_csv...
    Validating Target Definition  preview_01CAKB17000000000BTL_DataPreviewTarget_000C_01_csv...
** There were errors while importing
07/05/2024 06:24:13 **** Importing Mapping: Mapping0 ...
    <Warning> :  transformation: JNR_CzConrol - Invalid value Null is Higest Value for attribute Null ordering in detail. Will use the default value Null Is Highest Value    [transformation< JNR_CzConrol > ] 
    <Warning> :  transformation: JNR_jnDimContract - Invalid value Null is Higest Value for attribute Null ordering in detail. Will use the default value Null Is Highest Value    [transformation< JNR_jnDimContract > ] 
    <Warning> :  transformation: JNR_xfmMktrIdChk1 - Invalid value Null is Higest Value for attribute Null ordering in detail. Will use the default value Null Is Highest Value    [transformation< JNR_xfmMktrIdChk1 > ] 
    <Warning> :  transformation: JNR_jnCzMkStatusAtv - Invalid value Null is Higest Value for attribute Null ordering in detail. Will use the default value Null Is Highest Value    [transformation< JNR_jnCzMkStatusAtv > ] 
    <Warning> :  transformation: JNR_jnCzMkStatusAtv_1 - Invalid value Null is Higest Value for attribute Null ordering in detail. Will use the default value Null Is Highest Value    [transformation< JNR_jnCzMkStatusAtv_1 > ] 
    <Warning> :  transformation: JNR_joinSrc - Invalid value Null is Higest Value for attribute Null ordering in detail. Will use the default value Null Is Highest Value    [transformation< JNR_joinSrc > ] 
    <Error> : Could not find Transformation definition for:  preview_01CAKB17000000000BTL_DataPreviewTarget_001C_01_csv
** Failed to Import: Mapping0
07/05/2024 06:24:15 **** Importing Workflow: wf_mtt_01CAKB17000000000BTL ...
    <Error> : the mapping Mapping0 used for session s_mtt_01CAKB17000000000BTL is not found, or is invalid
** Failed to Import: wf_mtt_01CAKB17000000000BTL
Metadata Import Error: Imported objects does not contain a valid workflow.
======================================================================
