Agent Group Id: 01CAKB25000000000009
Agent Group Name: EDM_CDI_SA_GRP
Agent Name: edm.idmc.sa3.dev.nylcloud.com
Agent Id: 01CAKB0800000000000X
Task Name: m_RsBrgNbCntInsuredBnft
Task Type: MTT_DP
Task Id: 01CAKB17000000000BC6
Run Id: 44
Service Id: 2415758
Started By: wkhan01
Run Context Type: ICS_UI
07/12/2024 09:36:30 **** Importing Connection: Conn_01CAKB0B00000000002M ...
07/12/2024 09:36:31 **** Importing Source Definition: DUMMY_SRC_HiveSrcCntrBenslctopt_Sum ...
07/12/2024 09:36:31 **** Importing Source Definition: DUMMY_SRC_RefRecs ...
07/12/2024 09:36:31 **** Importing Source Definition: DUMMY_SRC_HiveSrcCntrBenValue_RnkMax ...
07/12/2024 09:36:31 **** Importing Source Definition: DUMMY_SRC_HiveDimNbPlanBenefit ...
07/12/2024 09:36:31 **** Importing Source Definition: DUMMY_SRC_HiveSrcCntrBenSlctOpt_Ecpo ...
07/12/2024 09:36:31 **** Importing Source Definition: DUMMY_SRC_HiveSrcContractBenefit ...
07/12/2024 09:36:31 **** Importing Source Definition: DUMMY_SRC_HiveSrcCntrBenValue_RnkMin ...
07/12/2024 09:36:31 **** Importing Source Definition: DUMMY_SRC_HiveSrcCntrBenValue ...
07/12/2024 09:36:31 **** Importing Source Definition: DUMMY_SRC_HiveSrcCntrBenslctopt_Levdot ...
07/12/2024 09:36:31 **** Importing Source Definition: DUMMY_SRC_HiveSrcCntrRelship ...
07/12/2024 09:36:31 **** Importing Source Definition: DUMMY_SRC_HivePzDimNbBeneComponent ...
07/12/2024 09:36:31 **** Importing Source Definition: DUMMY_SRC_HiveSrcCntrBenAccel ...
07/12/2024 09:36:31 **** Importing Source Definition: DUMMY_SRC_HiveCntrBenslctopt_Eobnf ...
07/12/2024 09:36:31 **** Importing Source Definition: DUMMY_SRC_HiveSrcCntrBenLink ...
07/12/2024 09:36:31 **** Importing Source Definition: DUMMY_SRC_HiveSrcContract ...
07/12/2024 09:36:31 **** Importing Source Definition: DUMMY_SRC_HiveSrcCntrBenRop ...
07/12/2024 09:36:31 **** Importing Source Definition: DUMMY_SRC_HivePzFactNBContractPart1 ...
07/12/2024 09:36:31 **** Importing Target Definition: preview_01CAKB17000000000BC6_DataPreviewTarget_0002_01_csv ...
07/12/2024 09:36:31 **** Importing Target Definition: preview_01CAKB17000000000BC6_DataPreviewTarget_0008_01_csv ...
07/12/2024 09:36:31 **** Importing Target Definition: preview_01CAKB17000000000BC6_DataPreviewTarget_000A_01_csv ...
07/12/2024 09:36:31 **** Importing Target Definition: preview_01CAKB17000000000BC6_DataPreviewTarget_000B_01_csv ...
07/12/2024 09:36:31 **** Importing Target Definition: preview_01CAKB17000000000BC6_DataPreviewTarget_000C_01_csv ...
07/12/2024 09:36:31 **** Importing Target Definition: preview_01CAKB17000000000BC6_DataPreviewTarget_0012_01_csv ...
07/12/2024 09:36:31 **** Importing Target Definition: preview_01CAKB17000000000BC6_DataPreviewTarget_0013_01_csv ...
07/12/2024 09:36:31 **** Importing Target Definition: preview_01CAKB17000000000BC6_DataPreviewTarget_0016_01_csv ...
07/12/2024 09:36:31 **** Importing Target Definition: preview_01CAKB17000000000BC6_DataPreviewTarget_0017_01_csv ...
07/12/2024 09:36:31 **** Importing Target Definition: preview_01CAKB17000000000BC6_DataPreviewTarget_0018_01_csv ...
07/12/2024 09:36:31 **** Importing Target Definition: preview_01CAKB17000000000BC6_DataPreviewTarget_001C_01_csv ...
07/12/2024 09:36:31 **** Importing Target Definition: preview_01CAKB17000000000BC6_DataPreviewTarget_001D_01_csv ...
07/12/2024 09:36:31 **** Importing Target Definition: preview_01CAKB17000000000BC6_DataPreviewTarget_001E_01_csv ...
07/12/2024 09:36:31 **** Importing Target Definition: preview_01CAKB17000000000BC6_DataPreviewTarget_0021_01_csv ...
07/12/2024 09:36:31 **** Importing Target Definition: preview_01CAKB17000000000BC6_DataPreviewTarget_0023_01_csv ...
07/12/2024 09:36:31 **** Importing Target Definition: preview_01CAKB17000000000BC6_DataPreviewTarget_0025_01_csv ...
07/12/2024 09:36:31 **** Importing Target Definition: preview_01CAKB17000000000BC6_DataPreviewTarget_0027_01_csv ...
07/12/2024 09:36:31 **** Importing Target Definition: preview_01CAKB17000000000BC6_DataPreviewTarget_0007_01_csv ...
07/12/2024 09:36:31 **** Importing Target Definition: preview_01CAKB17000000000BC6_DataPreviewTarget_0029_01_csv ...
07/12/2024 09:36:31 **** Importing Target Definition: preview_01CAKB17000000000BC6_DataPreviewTarget_0014_01_csv ...
07/12/2024 09:36:31 **** Importing Target Definition: preview_01CAKB17000000000BC6_DataPreviewTarget_0009_01_csv ...
07/12/2024 09:36:31 **** Importing Target Definition: preview_01CAKB17000000000BC6_DataPreviewTarget_002A_01_csv ...
07/12/2024 09:36:31 **** Importing Target Definition: preview_01CAKB17000000000BC6_DataPreviewTarget_0003_01_csv ...
07/12/2024 09:36:31 **** Importing Target Definition: preview_01CAKB17000000000BC6_DataPreviewTarget_0003_02_csv ...
07/12/2024 09:36:31 **** Importing Target Definition: preview_01CAKB17000000000BC6_DataPreviewTarget_0003_03_csv ...
07/12/2024 09:36:31 **** Importing Target Definition: preview_01CAKB17000000000BC6_DataPreviewTarget_002F_01_csv ...
07/12/2024 09:36:31 **** Importing Target Definition: preview_01CAKB17000000000BC6_DataPreviewTarget_0046_01_csv ...
07/12/2024 09:36:31 **** Importing Target Definition: preview_01CAKB17000000000BC6_DataPreviewTarget_002B_01_csv ...
07/12/2024 09:36:31 **** Importing Target Definition: preview_01CAKB17000000000BC6_DataPreviewTarget_0006_01_csv ...
07/12/2024 09:36:31 **** Importing Target Definition: preview_01CAKB17000000000BC6_DataPreviewTarget_002C_01_csv ...
07/12/2024 09:36:31 **** Importing Target Definition: preview_01CAKB17000000000BC6_DataPreviewTarget_002D_01_csv ...
07/12/2024 09:36:31 **** Importing Target Definition: preview_01CAKB17000000000BC6_DataPreviewTarget_0039_01_csv ...
07/12/2024 09:36:31 **** Importing Target Definition: preview_01CAKB17000000000BC6_DataPreviewTarget_002E_01_csv ...
07/12/2024 09:36:31 **** Importing Target Definition: preview_01CAKB17000000000BC6_DataPreviewTarget_003A_01_csv ...
07/12/2024 09:36:31 **** Importing Target Definition: preview_01CAKB17000000000BC6_DataPreviewTarget_0030_01_csv ...
07/12/2024 09:36:31 **** Importing Target Definition: preview_01CAKB17000000000BC6_DataPreviewTarget_003B_01_csv ...
07/12/2024 09:36:31 **** Importing Target Definition: preview_01CAKB17000000000BC6_DataPreviewTarget_0031_01_csv ...
07/12/2024 09:36:31 **** Importing Target Definition: preview_01CAKB17000000000BC6_DataPreviewTarget_003C_01_csv ...
07/12/2024 09:36:31 **** Importing Target Definition: preview_01CAKB17000000000BC6_DataPreviewTarget_0032_01_csv ...
07/12/2024 09:36:31 **** Importing Target Definition: preview_01CAKB17000000000BC6_DataPreviewTarget_003D_01_csv ...
07/12/2024 09:36:31 **** Importing Target Definition: preview_01CAKB17000000000BC6_DataPreviewTarget_0033_01_csv ...
07/12/2024 09:36:31 **** Importing Target Definition: preview_01CAKB17000000000BC6_DataPreviewTarget_003E_01_csv ...
07/12/2024 09:36:31 **** Importing Target Definition: preview_01CAKB17000000000BC6_DataPreviewTarget_0034_01_csv ...
07/12/2024 09:36:31 **** Importing Target Definition: preview_01CAKB17000000000BC6_DataPreviewTarget_003F_01_csv ...
07/12/2024 09:36:31 **** Importing Target Definition: preview_01CAKB17000000000BC6_DataPreviewTarget_0035_01_csv ...
07/12/2024 09:36:31 **** Importing Target Definition: preview_01CAKB17000000000BC6_DataPreviewTarget_0040_01_csv ...
07/12/2024 09:36:31 **** Importing Target Definition: preview_01CAKB17000000000BC6_DataPreviewTarget_0036_01_csv ...
07/12/2024 09:36:31 **** Importing Target Definition: preview_01CAKB17000000000BC6_DataPreviewTarget_0041_01_csv ...
07/12/2024 09:36:31 **** Importing Target Definition: preview_01CAKB17000000000BC6_DataPreviewTarget_0037_01_csv ...
07/12/2024 09:36:31 **** Importing Target Definition: preview_01CAKB17000000000BC6_DataPreviewTarget_0042_01_csv ...
07/12/2024 09:36:31 **** Importing Target Definition: preview_01CAKB17000000000BC6_DataPreviewTarget_0038_01_csv ...
07/12/2024 09:36:31 **** Importing Target Definition: preview_01CAKB17000000000BC6_DataPreviewTarget_0043_01_csv ...
07/12/2024 09:36:31 **** Importing Target Definition: preview_01CAKB17000000000BC6_DataPreviewTarget_0024_01_csv ...
07/12/2024 09:36:31 **** Importing Target Definition: preview_01CAKB17000000000BC6_DataPreviewTarget_0015_01_csv ...
07/12/2024 09:36:31 **** Importing Target Definition: preview_01CAKB17000000000BC6_DataPreviewTarget_000E_01_csv ...
07/12/2024 09:36:31 **** Importing Target Definition: preview_01CAKB17000000000BC6_DataPreviewTarget_0022_01_csv ...
07/12/2024 09:36:31 **** Importing Target Definition: preview_01CAKB17000000000BC6_DataPreviewTarget_0022_02_csv ...
07/12/2024 09:36:31 **** Importing Target Definition: preview_01CAKB17000000000BC6_DataPreviewTarget_0010_01_csv ...
07/12/2024 09:36:31 **** Importing Target Definition: preview_01CAKB17000000000BC6_DataPreviewTarget_000D_01_csv ...
07/12/2024 09:36:31 **** Importing Target Definition: preview_01CAKB17000000000BC6_DataPreviewTarget_0044_01_csv ...
07/12/2024 09:36:31 **** Importing Target Definition: preview_01CAKB17000000000BC6_DataPreviewTarget_001B_01_csv ...
07/12/2024 09:36:31 **** Importing Target Definition: preview_01CAKB17000000000BC6_DataPreviewTarget_0004_01_csv ...
07/12/2024 09:36:31 **** Importing Target Definition: preview_01CAKB17000000000BC6_DataPreviewTarget_0004_02_csv ...
07/12/2024 09:36:31 **** Importing Target Definition: preview_01CAKB17000000000BC6_DataPreviewTarget_0004_03_csv ...
07/12/2024 09:36:31 **** Importing Target Definition: preview_01CAKB17000000000BC6_DataPreviewTarget_0001_01_csv ...
07/12/2024 09:36:31 **** Importing Target Definition: preview_01CAKB17000000000BC6_DataPreviewTarget_0005_01_csv ...
07/12/2024 09:36:31 **** Importing Target Definition: preview_01CAKB17000000000BC6_DataPreviewTarget_0047_01_csv ...
07/12/2024 09:36:31 **** Importing Target Definition: preview_01CAKB17000000000BC6_DataPreviewTarget_0026_01_csv ...
07/12/2024 09:36:31 **** Importing Target Definition: preview_01CAKB17000000000BC6_DataPreviewTarget_0045_01_csv ...
07/12/2024 09:36:31 **** Importing Target Definition: preview_01CAKB17000000000BC6_DataPreviewTarget_000F_01_csv ...
07/12/2024 09:36:31 **** Importing Target Definition: preview_01CAKB17000000000BC6_DataPreviewTarget_000F_02_csv ...
07/12/2024 09:36:31 **** Importing Target Definition: preview_01CAKB17000000000BC6_DataPreviewTarget_000F_03_csv ...
07/12/2024 09:36:31 **** Importing Target Definition: preview_01CAKB17000000000BC6_DataPreviewTarget_001A_01_csv ...
07/12/2024 09:36:31 **** Importing Target Definition: preview_01CAKB17000000000BC6_DataPreviewTarget_0011_01_csv ...
07/12/2024 09:36:31 **** Importing Target Definition: preview_01CAKB17000000000BC6_DataPreviewTarget_0019_01_csv ...
07/12/2024 09:36:31 **** Importing Target Definition: preview_01CAKB17000000000BC6_DataPreviewTarget_0019_02_csv ...
07/12/2024 09:36:31 **** Importing Target Definition: preview_01CAKB17000000000BC6_DataPreviewTarget_0019_03_csv ...
07/12/2024 09:36:31 **** Importing Target Definition: preview_01CAKB17000000000BC6_DataPreviewTarget_0020_01_csv ...
07/12/2024 09:36:31 **** Importing Target Definition: preview_01CAKB17000000000BC6_DataPreviewTarget_001F_01_csv ...
07/12/2024 09:36:31 **** Importing Target Definition: preview_01CAKB17000000000BC6_DataPreviewTarget_0028_01_csv ...
07/12/2024 09:36:32 **** Importing SessionConfig: default_session_config ...
    <Warning> :  The Error Log DB Connection value should have Relational: as the prefix.
    <Warning> :  Invalid value  for attribute Error Log DB Connection. Will use the default value 
    Validating Source Definition  DUMMY_SRC_HiveSrcCntrBenslctopt_Sum...
    Validating Source Definition  DUMMY_SRC_RefRecs...
    Validating Source Definition  DUMMY_SRC_HiveSrcCntrBenValue_RnkMax...
    Validating Source Definition  DUMMY_SRC_HiveDimNbPlanBenefit...
    Validating Source Definition  DUMMY_SRC_HiveSrcCntrBenSlctOpt_Ecpo...
    Validating Source Definition  DUMMY_SRC_HiveSrcContractBenefit...
    Validating Source Definition  DUMMY_SRC_HiveSrcCntrBenValue_RnkMin...
    Validating Source Definition  DUMMY_SRC_HiveSrcCntrBenValue...
    Validating Source Definition  DUMMY_SRC_HiveSrcCntrBenslctopt_Levdot...
    Validating Source Definition  DUMMY_SRC_HiveSrcCntrRelship...
    Validating Source Definition  DUMMY_SRC_HivePzDimNbBeneComponent...
    Validating Source Definition  DUMMY_SRC_HiveSrcCntrBenAccel...
    Validating Source Definition  DUMMY_SRC_HiveCntrBenslctopt_Eobnf...
    Validating Source Definition  DUMMY_SRC_HiveSrcCntrBenLink...
    Validating Source Definition  DUMMY_SRC_HiveSrcContract...
    Validating Source Definition  DUMMY_SRC_HiveSrcCntrBenRop...
    Validating Source Definition  DUMMY_SRC_HivePzFactNBContractPart1...
    Validating Target Definition  preview_01CAKB17000000000BC6_DataPreviewTarget_0002_01_csv...
    Validating Target Definition  preview_01CAKB17000000000BC6_DataPreviewTarget_0008_01_csv...
    Validating Target Definition  preview_01CAKB17000000000BC6_DataPreviewTarget_000A_01_csv...
    Validating Target Definition  preview_01CAKB17000000000BC6_DataPreviewTarget_000B_01_csv...
    Validating Target Definition  preview_01CAKB17000000000BC6_DataPreviewTarget_000C_01_csv...
    Validating Target Definition  preview_01CAKB17000000000BC6_DataPreviewTarget_0012_01_csv...
    Validating Target Definition  preview_01CAKB17000000000BC6_DataPreviewTarget_0013_01_csv...
    Validating Target Definition  preview_01CAKB17000000000BC6_DataPreviewTarget_0016_01_csv...
    Validating Target Definition  preview_01CAKB17000000000BC6_DataPreviewTarget_0017_01_csv...
    Validating Target Definition  preview_01CAKB17000000000BC6_DataPreviewTarget_0018_01_csv...
    Validating Target Definition  preview_01CAKB17000000000BC6_DataPreviewTarget_001C_01_csv...
    Validating Target Definition  preview_01CAKB17000000000BC6_DataPreviewTarget_001D_01_csv...
    Validating Target Definition  preview_01CAKB17000000000BC6_DataPreviewTarget_001E_01_csv...
    Validating Target Definition  preview_01CAKB17000000000BC6_DataPreviewTarget_0021_01_csv...
    Validating Target Definition  preview_01CAKB17000000000BC6_DataPreviewTarget_0023_01_csv...
    Validating Target Definition  preview_01CAKB17000000000BC6_DataPreviewTarget_0025_01_csv...
    Validating Target Definition  preview_01CAKB17000000000BC6_DataPreviewTarget_0027_01_csv...
    Validating Target Definition  preview_01CAKB17000000000BC6_DataPreviewTarget_0007_01_csv...
    Validating Target Definition  preview_01CAKB17000000000BC6_DataPreviewTarget_0029_01_csv...
    Validating Target Definition  preview_01CAKB17000000000BC6_DataPreviewTarget_0014_01_csv...
    Validating Target Definition  preview_01CAKB17000000000BC6_DataPreviewTarget_0009_01_csv...
    Validating Target Definition  preview_01CAKB17000000000BC6_DataPreviewTarget_002A_01_csv...
    Validating Target Definition  preview_01CAKB17000000000BC6_DataPreviewTarget_0003_01_csv...
    Validating Target Definition  preview_01CAKB17000000000BC6_DataPreviewTarget_0003_02_csv...
    Validating Target Definition  preview_01CAKB17000000000BC6_DataPreviewTarget_0003_03_csv...
    Validating Target Definition  preview_01CAKB17000000000BC6_DataPreviewTarget_002F_01_csv...
    Validating Target Definition  preview_01CAKB17000000000BC6_DataPreviewTarget_0046_01_csv...
    Validating Target Definition  preview_01CAKB17000000000BC6_DataPreviewTarget_002B_01_csv...
    Validating Target Definition  preview_01CAKB17000000000BC6_DataPreviewTarget_0006_01_csv...
    Validating Target Definition  preview_01CAKB17000000000BC6_DataPreviewTarget_002C_01_csv...
    Validating Target Definition  preview_01CAKB17000000000BC6_DataPreviewTarget_002D_01_csv...
    Validating Target Definition  preview_01CAKB17000000000BC6_DataPreviewTarget_0039_01_csv...
    Validating Target Definition  preview_01CAKB17000000000BC6_DataPreviewTarget_002E_01_csv...
    Validating Target Definition  preview_01CAKB17000000000BC6_DataPreviewTarget_003A_01_csv...
    Validating Target Definition  preview_01CAKB17000000000BC6_DataPreviewTarget_0030_01_csv...
    Validating Target Definition  preview_01CAKB17000000000BC6_DataPreviewTarget_003B_01_csv...
    Validating Target Definition  preview_01CAKB17000000000BC6_DataPreviewTarget_0031_01_csv...
    Validating Target Definition  preview_01CAKB17000000000BC6_DataPreviewTarget_003C_01_csv...
    Validating Target Definition  preview_01CAKB17000000000BC6_DataPreviewTarget_0032_01_csv...
    Validating Target Definition  preview_01CAKB17000000000BC6_DataPreviewTarget_003D_01_csv...
    Validating Target Definition  preview_01CAKB17000000000BC6_DataPreviewTarget_0033_01_csv...
    Validating Target Definition  preview_01CAKB17000000000BC6_DataPreviewTarget_003E_01_csv...
    Validating Target Definition  preview_01CAKB17000000000BC6_DataPreviewTarget_0034_01_csv...
    Validating Target Definition  preview_01CAKB17000000000BC6_DataPreviewTarget_003F_01_csv...
    Validating Target Definition  preview_01CAKB17000000000BC6_DataPreviewTarget_0035_01_csv...
    Validating Target Definition  preview_01CAKB17000000000BC6_DataPreviewTarget_0040_01_csv...
    Validating Target Definition  preview_01CAKB17000000000BC6_DataPreviewTarget_0036_01_csv...
    Validating Target Definition  preview_01CAKB17000000000BC6_DataPreviewTarget_0041_01_csv...
    Validating Target Definition  preview_01CAKB17000000000BC6_DataPreviewTarget_0037_01_csv...
    Validating Target Definition  preview_01CAKB17000000000BC6_DataPreviewTarget_0042_01_csv...
    Validating Target Definition  preview_01CAKB17000000000BC6_DataPreviewTarget_0038_01_csv...
    Validating Target Definition  preview_01CAKB17000000000BC6_DataPreviewTarget_0043_01_csv...
    Validating Target Definition  preview_01CAKB17000000000BC6_DataPreviewTarget_0024_01_csv...
    Validating Target Definition  preview_01CAKB17000000000BC6_DataPreviewTarget_0015_01_csv...
    Validating Target Definition  preview_01CAKB17000000000BC6_DataPreviewTarget_000E_01_csv...
    Validating Target Definition  preview_01CAKB17000000000BC6_DataPreviewTarget_0022_01_csv...
    Validating Target Definition  preview_01CAKB17000000000BC6_DataPreviewTarget_0022_02_csv...
    Validating Target Definition  preview_01CAKB17000000000BC6_DataPreviewTarget_0010_01_csv...
    Validating Target Definition  preview_01CAKB17000000000BC6_DataPreviewTarget_000D_01_csv...
    Validating Target Definition  preview_01CAKB17000000000BC6_DataPreviewTarget_0044_01_csv...
    Validating Target Definition  preview_01CAKB17000000000BC6_DataPreviewTarget_001B_01_csv...
    Validating Target Definition  preview_01CAKB17000000000BC6_DataPreviewTarget_0004_01_csv...
    Validating Target Definition  preview_01CAKB17000000000BC6_DataPreviewTarget_0004_02_csv...
    Validating Target Definition  preview_01CAKB17000000000BC6_DataPreviewTarget_0004_03_csv...
    Validating Target Definition  preview_01CAKB17000000000BC6_DataPreviewTarget_0001_01_csv...
    Validating Target Definition  preview_01CAKB17000000000BC6_DataPreviewTarget_0005_01_csv...
    Validating Target Definition  preview_01CAKB17000000000BC6_DataPreviewTarget_0047_01_csv...
    Validating Target Definition  preview_01CAKB17000000000BC6_DataPreviewTarget_0026_01_csv...
    Validating Target Definition  preview_01CAKB17000000000BC6_DataPreviewTarget_0045_01_csv...
    Validating Target Definition  preview_01CAKB17000000000BC6_DataPreviewTarget_000F_01_csv...
    Validating Target Definition  preview_01CAKB17000000000BC6_DataPreviewTarget_000F_02_csv...
    Validating Target Definition  preview_01CAKB17000000000BC6_DataPreviewTarget_000F_03_csv...
    Validating Target Definition  preview_01CAKB17000000000BC6_DataPreviewTarget_001A_01_csv...
    Validating Target Definition  preview_01CAKB17000000000BC6_DataPreviewTarget_0011_01_csv...
    Validating Target Definition  preview_01CAKB17000000000BC6_DataPreviewTarget_0019_01_csv...
    Validating Target Definition  preview_01CAKB17000000000BC6_DataPreviewTarget_0019_02_csv...
    Validating Target Definition  preview_01CAKB17000000000BC6_DataPreviewTarget_0019_03_csv...
    Validating Target Definition  preview_01CAKB17000000000BC6_DataPreviewTarget_0020_01_csv...
    Validating Target Definition  preview_01CAKB17000000000BC6_DataPreviewTarget_001F_01_csv...
    Validating Target Definition  preview_01CAKB17000000000BC6_DataPreviewTarget_0028_01_csv...
07/12/2024 09:36:33 **** Importing Mapping: Mapping0 ...
    <Warning> :  transformation: JNR_JnConbenidRef - Invalid value Null is Higest Value for attribute Null ordering in detail. Will use the default value Null Is Highest Value    [transformation< JNR_JnConbenidRef > ] 
    <Warning> :  transformation: JNR_JnConrelidRef - Invalid value Null is Higest Value for attribute Null ordering in detail. Will use the default value Null Is Highest Value    [transformation< JNR_JnConrelidRef > ] 
    <Warning> :  transformation: JNR_JnCntrctidRef - Invalid value Null is Higest Value for attribute Null ordering in detail. Will use the default value Null Is Highest Value    [transformation< JNR_JnCntrctidRef > ] 
    <Warning> :  transformation: JNR_JoinSrcCntBenvalue - Invalid value Null is Higest Value for attribute Null ordering in detail. Will use the default value Null Is Highest Value    [transformation< JNR_JoinSrcCntBenvalue > ] 
    <Warning> :  transformation: JNR_JoinCntBenValueRnkMin - Invalid value Null is Higest Value for attribute Null ordering in detail. Will use the default value Null Is Highest Value    [transformation< JNR_JoinCntBenValueRnkMin > ] 
    <Warning> :  transformation: JNR_JoinCntBenValueRnkMax - Invalid value Null is Higest Value for attribute Null ordering in detail. Will use the default value Null Is Highest Value    [transformation< JNR_JoinCntBenValueRnkMax > ] 
    <Warning> :  transformation: JNR_JoinCntrBenAccel - Invalid value Null is Higest Value for attribute Null ordering in detail. Will use the default value Null Is Highest Value    [transformation< JNR_JoinCntrBenAccel > ] 
    <Warning> :  transformation: JNR_JoinCntrBenSlctOpt_Ecpo - Invalid value Null is Higest Value for attribute Null ordering in detail. Will use the default value Null Is Highest Value    [transformation< JNR_JoinCntrBenSlctOpt_Ecpo > ] 
    <Warning> :  transformation: JNR_JoinCntrBenSlctOpt_sum - Invalid value Null is Higest Value for attribute Null ordering in detail. Will use the default value Null Is Highest Value    [transformation< JNR_JoinCntrBenSlctOpt_sum > ] 
    <Warning> :  transformation: JNR_JoinCntrBenSlctOpt_Levdot - Invalid value Null is Higest Value for attribute Null ordering in detail. Will use the default value Null Is Highest Value    [transformation< JNR_JoinCntrBenSlctOpt_Levdot > ] 
    <Warning> :  transformation: JNR_JoinCntrBenSlctOpt_Eobnf - Invalid value Null is Higest Value for attribute Null ordering in detail. Will use the default value Null Is Highest Value    [transformation< JNR_JoinCntrBenSlctOpt_Eobnf > ] 
    <Warning> :  transformation: JNR_JoinCntrBenRop - Invalid value Null is Higest Value for attribute Null ordering in detail. Will use the default value Null Is Highest Value    [transformation< JNR_JoinCntrBenRop > ] 
    <Warning> :  transformation: JNR_JoinPzFactNBContractPart1 - Invalid value Null is Higest Value for attribute Null ordering in detail. Will use the default value Null Is Highest Value    [transformation< JNR_JoinPzFactNBContractPart1 > ] 
    <Warning> :  transformation: JNR_JoinDimNbBeneComponent - Invalid value Null is Higest Value for attribute Null ordering in detail. Will use the default value Null Is Highest Value    [transformation< JNR_JoinDimNbBeneComponent > ] 
    <Warning> :  transformation: JNR_JoinDimNbPlanBenefit - Invalid value Null is Higest Value for attribute Null ordering in detail. Will use the default value Null Is Highest Value    [transformation< JNR_JoinDimNbPlanBenefit > ] 
    <Warning> :  transformation: JNR_ccapInsUpdDelCopy_Jnr_ChangeCode - Invalid value Null is Higest Value for attribute Null ordering in detail. Will use the default value Null Is Highest Value    [transformation< JNR_ccapInsUpdDelCopy_Jnr_ChangeCode > ] 
    <Warning> :  transformation: JNR_jnCopyUpd - Invalid value Null is Higest Value for attribute Null ordering in detail. Will use the default value Null Is Highest Value    [transformation< JNR_jnCopyUpd > ] 
    <Error> : The length/precision for field [fact_nb_contract_part1_sk] should be greater than zero.    [transformation< UN_fnlAllRecs > ] 
** Failed to Import: Mapping0
07/12/2024 09:36:35 **** Importing Workflow: wf_mtt_01CAKB17000000000BC6 ...
    <Error> : the mapping Mapping0 used for session s_mtt_01CAKB17000000000BC6 is not found, or is invalid
** Failed to Import: wf_mtt_01CAKB17000000000BC6
Metadata Import Error: Imported objects does not contain a valid workflow.
======================================================================
DIRECTOR> VAR_27085 [2024-07-10 06:05:32.831] Parameter file [/app/iics_agent_dir/apps/Data_Integration_Server/data/parameters/s_mtt_01CAKB17000000000BC6.param] is opened for [session [wf_mtt_01CAKB17000000000BC6.s_mtt_01CAKB17000000000BC6]].
DIRECTOR> VAR_27062 [2024-07-10 06:05:32.831] Warning! Cannot find section for worklet [wf_mtt_01CAKB17000000000BC6] and folder [] in parameter file [/app/iics_agent_dir/apps/Data_Integration_Server/data/parameters/s_mtt_01CAKB17000000000BC6.param].
DIRECTOR> CMN_1761 [2024-07-10 06:05:32.832] Timestamp Event: [Wed Jul 10 06:05:32 2024]
DIRECTOR> VAR_27031 [2024-07-10 06:05:32.832] Warning! Initial data value for mapping variable:[$$DEFAULT_REFERENCE_SK] is truncated.
DIRECTOR> TM_6014 [2024-07-10 06:05:32.832] Initializing session [s_mtt_01CAKB17000000000BC6] at [Wed Jul 10 06:05:32 2024].
DIRECTOR> TM_6683 [2024-07-10 06:05:32.832] Repository Name: [XMLRepository]
DIRECTOR> TM_6684 [2024-07-10 06:05:32.832] Server Name: [rDTM]
DIRECTOR> TM_6686 [2024-07-10 06:05:32.832] Folder: []
DIRECTOR> TM_6685 [2024-07-10 06:05:32.833] Workflow: [wf_mtt_01CAKB17000000000BC6] Run Instance Name: [] Run Id: [0]
DIRECTOR> TM_6992 [2024-07-10 06:05:32.833] Operating System Type [Linux]
DIRECTOR> TM_6101 [2024-07-10 06:05:32.833] Mapping name: Mapping0.
DIRECTOR> TM_6964 [2024-07-10 06:05:32.833] Date format for the Session is [MM/DD/YYYY HH24:MI:SS.US]
DIRECTOR> TM_6703 [2024-07-10 06:05:32.833] Session [s_mtt_01CAKB17000000000BC6] is run by 64-bit Integration Service  [], version [10.2.0 HotFix2], build [0320].
MANAGER> PETL_24091 [2024-07-10 06:05:32.869] Thread [MANAGER] has the ID [1].
MANAGER> PETL_24058 [2024-07-10 06:05:32.869] Running Partition Group [1].
MANAGER> PETL_24000 [2024-07-10 06:05:32.869] Parallel Pipeline Engine initializing.
MONITOR> PETL_24091 [2024-07-10 06:05:32.870] Thread [MONITOR] has the ID [2].
MANAGER> PETL_24001 [2024-07-10 06:05:32.870] Parallel Pipeline Engine running.
MANAGER> PETL_24003 [2024-07-10 06:05:32.870] Initializing session run.
MAPPING> PETL_24091 [2024-07-10 06:05:32.871] Thread [MAPPING] has the ID [3].
MAPPING> CMN_1569 [2024-07-10 06:05:32.874] Server Mode: [UNICODE]
MAPPING> CMN_1570 [2024-07-10 06:05:32.874] Server Code page: [ISO 8859-1 Western European]
MAPPING> TM_6151 [2024-07-10 06:05:32.874] The session sort order is [Binary].
MAPPING> TM_6185 [2024-07-10 06:05:32.874] Warning. Code page validation is disabled in this session.
MAPPING> CMN_65110 [2024-07-10 06:05:32.874] Current Timezone:[UTC -5:0]
MAPPING> CMN_65111 [2024-07-10 06:05:32.874] Current Process ID:[17765]
MAPPING> TM_6705 [2024-07-10 06:05:32.874] Session is running with test load option turned on for 10 rows.
MAPPING> TM_6155 [2024-07-10 06:05:32.874] Using HIGH precision processing.
MAPPING> TM_6180 [2024-07-10 06:05:32.874] Deadlock retry logic will not be implemented.
MAPPING> TM_6187 [2024-07-10 06:05:32.874] Session target-based commit interval is [10000].
MAPPING> PMJVM_42020 [2024-07-10 06:05:32.879] [INFO] Loaded library : /app/iics_agent_dir/apps/jdk/zulu8.70.0.52-sa-fx-jdk8.0.372/jre/lib/amd64/server/libjvm.so.
MAPPING> PMJVM_42009 [2024-07-10 06:05:32.965] [INFO] Created Java VM successfully.
MAPPING> SDKS_38029 [2024-07-10 06:05:33.047] Loaded plug-in 451600: [plugin description].
MAPPING> SDKS_38024 [2024-07-10 06:05:33.085] Plug-in 451600 initialization complete.
MAPPING> SDKS_38016 [2024-07-10 06:05:33.086] Reader SDK plug-in initialization complete.
MAPPING> TM_6307 [2024-07-10 06:05:33.086] DTM error log disabled. 
MAPPING> TE_7022 [2024-07-10 06:05:33.086] TShmWriter: Initialized
MAPPING> DBG_21693 [2024-07-10 06:05:33.667] SRT_JnConbenidRef_Srt1: Cache size for partition [1] = [1073741824]
MAPPING> SORT_40419 [2024-07-10 06:05:33.844] For Transformation [SRT_JnConbenidRef_Srt1], memory used is [1073741824] bytes and row size is 592 bytes.
MAPPING> TM_6007 [2024-07-10 06:05:33.862] DTM initialized successfully for session [s_mtt_01CAKB17000000000BC6]
DIRECTOR> PETL_24033 [2024-07-10 06:05:33.862] All DTM Connection Info: [<NONE>].
MANAGER> PETL_24004 [2024-07-10 06:05:33.862] Starting pre-session tasks. : (Wed Jul 10 06:05:33 2024)
PRE-SESS> PETL_24091 [2024-07-10 06:05:33.863] Thread [PRE-SESS] has the ID [4].
MANAGER> PETL_24027 [2024-07-10 06:05:33.864] Pre-session task completed successfully. : (Wed Jul 10 06:05:33 2024)
DIRECTOR> PETL_24006 [2024-07-10 06:05:33.864] Starting data movement.
MAPPING> TM_6660 [2024-07-10 06:05:33.865] Total Buffer Pool size is 4296624 bytes and Block size is 156912 bytes.
MAPPING> CONNECTOR_10000 [2024-07-10 06:05:35.989] [INFO] The source or cached lookup object at runtime is overridden with the parameter name = INFARS_CUSTOM_SCHEMA table name = INFARS_CUSTOM_SCHEMA.
READER_1_1_1> PETL_24091 [2024-07-10 06:05:36.256] Thread [READER_1_1_1] has the ID [5].
READER_1_1_1> CONNECTOR_10000 [2024-07-10 06:05:36.951] [INFO] Normal Mode (Non-Bulk Processing) is enabled to Read data
TRANSF_1_1_1> PETL_24091 [2024-07-10 06:05:38.827] Thread [TRANSF_1_1_1] has the ID [6].
WRITER_1_*_1> PETL_24091 [2024-07-10 06:05:38.828] Thread [WRITER_1_*_1] has the ID [7].
WRITER_1_*_1> WRT_8397 [2024-07-10 06:05:38.830] Appending output data to file [/app/iics_agent_dir/apps/Data_Integration_Server/data/error/output1.bad] (initial size [23890]).
WRITER_1_*_1> TM_6708 [2024-07-10 06:05:38.831] Using configuration property [__PMOV_FFW_ESCAPE_QUOTE,Yes]
WRITER_1_*_1> WRT_8124 [2024-07-10 06:05:38.831] Target Table preview_01CAKB17000000000BC6_DataPreviewTarget_0001_01_csv :Writing output to: /app/iics_agent_dir/apps/Data_Integration_Server/data/cache/preview/preview_01CAKB17000000000BC6_DataPreviewTarget_0001_01.csv
WRITER_1_*_1> WRT_8222 [2024-07-10 06:05:38.831] Target file [/app/iics_agent_dir/apps/Data_Integration_Server/data/cache/preview/preview_01CAKB17000000000BC6_DataPreviewTarget_0001_01.csv] code page: [UTF-8 encoding of Unicode]
WRITER_1_*_1> WRT_8397 [2024-07-10 06:05:38.835] Appending output data to file [/app/iics_agent_dir/apps/Data_Integration_Server/data/error/output1.bad] (initial size [23890]).
WRITER_1_*_1> TM_6708 [2024-07-10 06:05:38.835] Using configuration property [__PMOV_FFW_ESCAPE_QUOTE,Yes]
WRITER_1_*_1> WRT_8124 [2024-07-10 06:05:38.836] Target Table preview_01CAKB17000000000BC6_DataPreviewTarget_0002_01_csv :Writing output to: /app/iics_agent_dir/apps/Data_Integration_Server/data/cache/preview/preview_01CAKB17000000000BC6_DataPreviewTarget_0002_01.csv
WRITER_1_*_1> WRT_8222 [2024-07-10 06:05:38.836] Target file [/app/iics_agent_dir/apps/Data_Integration_Server/data/cache/preview/preview_01CAKB17000000000BC6_DataPreviewTarget_0002_01.csv] code page: [UTF-8 encoding of Unicode]
WRITER_1_*_1> WRT_8270 [2024-07-10 06:05:38.836] Target connection group #1 consists of target(s) [preview_01CAKB17000000000BC6_DataPreviewTarget_0001_01_csv]
WRITER_1_*_1> WRT_8270 [2024-07-10 06:05:38.836] Target connection group #2 consists of target(s) [preview_01CAKB17000000000BC6_DataPreviewTarget_0002_01_csv]
WRITER_1_*_1> WRT_8003 [2024-07-10 06:05:38.836] Writer initialization complete.
WRITER_1_*_1> WRT_8005 [2024-07-10 06:05:38.836] Writer run started.
WRITER_1_*_1> WRT_8158 [2024-07-10 06:05:38.836] 

*****START LOAD SESSION*****

Load Start Time: Wed Jul 10 06:05:37 2024

Target tables:

     preview_01CAKB17000000000BC6_DataPreviewTarget_0001_01_csv
     preview_01CAKB17000000000BC6_DataPreviewTarget_0002_01_csv


READER_1_1_1> AMAZONREDSHIFT_10000 [2024-07-10 06:05:44.508] [INFO] The agent is running the following custom query for data preview: 
/* partner: Informatica -v 2.0 */
SELECT
       conbenid_ref,
       cntrctid_ref,
       plbenfid_ref,
       TRIM(plbenfid_code) as plbenfid_code,
       TRIM(kobnftid_code) as kobnftid_code,
       TRIM(kbtypeid_code) as kbtypeid_code,
       TRIM(kinvctid_code) as kinvctid_code,
       bendet_term,
       bendet_age,
       bendet_number,
       TRIM(conbenfg_comm_decode) as conbenfg_comm_decode,
       TRIM(payment_freq_decode) as payment_freq_decode,
       TRIM(benflags_main_decode) as benflags_main_decode,
       TRIM(riderwth_mpg_decode) as riderwth_mpg_decode,
       TRIM(rider_owner_decode) as rider_owner_decode,
       TRIM(requested_auto_decode) as requested_auto_decode,
       bendet_prmpdyrs,
       nlgprdid_ref,
       status_ref as status_ref_cb
 FROM
       ext_lake_oracle_orap12_nyldprod60cl.contract_benefit
 WHERE 
       edh_record_status_in= 'A'
 ;.
READER_1_1_1> CMN_1761 [2024-07-10 06:05:44.508] Timestamp Event: [Wed Jul 10 06:05:44 2024]
READER_1_1_1> AMAZONREDSHIFT_10000 [2024-07-10 06:05:44.508] [ERROR] Closing of ResultSet or PreparedStatement failed due to the following error: [java.sql.SQLException: [Amazon][JDBC](10040) Cannot use commit while Connection is in auto-commit mode.].
READER_1_1_1> AMAZONREDSHIFT_10000 [2024-07-10 06:05:44.508] [INFO]  Total rows to read for data preview : 10 
READER_1_1_1> AMAZONREDSHIFT_10000 [2024-07-10 06:05:44.508] [INFO] Read : 10  rows for data preview
TRANSF_1_1_1> SORT_40420 [2024-07-10 06:05:44.510] Start of input for Transformation [SRT_JnConbenidRef_Srt1]. : (Wed Jul 10 06:05:44 2024)
READER_1_1_1> AMAZONREDSHIFT_10000 [2024-07-10 06:05:44.510] [INFO]  No more data to read for data Preview 
TRANSF_1_1_1> SORT_40421 [2024-07-10 06:05:44.511] End of input for Transformation [SRT_JnConbenidRef_Srt1]. : (Wed Jul 10 06:05:44 2024)
TRANSF_1_1_1> SORT_40422 [2024-07-10 06:05:44.573] End of output from Sorter Transformation [SRT_JnConbenidRef_Srt1]. Processed 10 rows (1816 input bytes; 0 temp I/O bytes). : (Wed Jul 10 06:05:44 2024)
TRANSF_1_1_1> SORT_40423 [2024-07-10 06:05:44.580] End of sort for Sorter Transformation [SRT_JnConbenidRef_Srt1]. : (Wed Jul 10 06:05:44 2024)
TRANSF_1_1_1> DBG_21216 [2024-07-10 06:05:44.580] Finished transformations for Source Qualifier [SRC_HiveSrcContractBenefit]. Total errors [0] 
WRITER_1_*_1> WRT_8167 [2024-07-10 06:05:44.580] Start loading table [preview_01CAKB17000000000BC6_DataPreviewTarget_0001_01_csv] at: Wed Jul 10 06:05:43 2024
WRITER_1_*_1> WRT_8167 [2024-07-10 06:05:44.583] Start loading table [preview_01CAKB17000000000BC6_DataPreviewTarget_0002_01_csv] at: Wed Jul 10 06:05:43 2024
WRITER_1_*_1> WRT_8168 [2024-07-10 06:05:44.585] End loading table [preview_01CAKB17000000000BC6_DataPreviewTarget_0001_01_csv] at: Wed Jul 10 06:05:43 2024
WRITER_1_*_1> WRT_8168 [2024-07-10 06:05:44.585] End loading table [preview_01CAKB17000000000BC6_DataPreviewTarget_0002_01_csv] at: Wed Jul 10 06:05:43 2024
WRITER_1_*_1> WRT_8035 [2024-07-10 06:05:44.585] Load complete time: Wed Jul 10 06:05:43 2024

LOAD SUMMARY
============

WRT_8250 Target (test load not supported for this target type): preview_01CAKB17000000000BC6_DataPreviewTarget_0001_01_csv (Instance Name: [preview_01CAKB17000000000BC6_DataPreviewTarget_0001_01_csv])
WRT_8038 Inserted rows - Requested: 10         Applied: 10         Rejected: 0          Affected: 10        

WRT_8250 Target (test load not supported for this target type): preview_01CAKB17000000000BC6_DataPreviewTarget_0002_01_csv (Instance Name: [preview_01CAKB17000000000BC6_DataPreviewTarget_0002_01_csv])
WRT_8038 Inserted rows - Requested: 10         Applied: 10         Rejected: 0          Affected: 10        


WRITER_1_*_1> WRT_8043 [2024-07-10 06:05:44.585] *****END LOAD SESSION*****
WRITER_1_*_1> WRT_8006 [2024-07-10 06:05:44.585] Writer run completed.
MANAGER> PETL_24031 [2024-07-10 06:05:44.592] 
***** RUN INFO FOR TGT LOAD ORDER GROUP [1], CONCURRENT SET [1] *****
Thread [READER_1_1_1] created for [the read stage] of partition point [SRC_HiveSrcContractBenefit] has completed.
	Total Run Time = [5.674454] secs
	Total Idle Time = [0.000000] secs
	Busy Percentage = [100.000000]
Thread [TRANSF_1_1_1] created for [the transformation stage] of partition point [SRC_HiveSrcContractBenefit] has completed. The total run time was insufficient for any meaningful statistics.
Thread [WRITER_1_*_1] created for [the write stage] of partition point [preview_01CAKB17000000000BC6_DataPreviewTarget_0001_01_csv, preview_01CAKB17000000000BC6_DataPreviewTarget_0002_01_csv] has completed. The total run time was insufficient for any meaningful statistics.

MANAGER> PETL_24005 [2024-07-10 06:05:44.594] Starting post-session tasks. : (Wed Jul 10 06:05:44 2024)
POST-SESS> PETL_24091 [2024-07-10 06:05:44.594] Thread [POST-SESS] has the ID [8].
MANAGER> PETL_24029 [2024-07-10 06:05:44.595] Post-session task completed successfully. : (Wed Jul 10 06:05:44 2024)
MAPPING> SDKS_38025 [2024-07-10 06:05:44.596] Plug-in 451600 deinitialized and unloaded with status [0].
MAPPING> SDKS_38018 [2024-07-10 06:05:44.596] Reader SDK plug-ins deinitialized with status [0].
MAPPING> TM_6018 [2024-07-10 06:05:44.596] The session completed with [0] row transformation errors. 
MANAGER> PETL_24002 [2024-07-10 06:05:44.896] Parallel Pipeline Engine finished.
DIRECTOR> PETL_24012 [2024-07-10 06:05:44.897] Session run completed successfully.
DIRECTOR> TM_6022 [2024-07-10 06:05:44.897] 

SESSION LOAD SUMMARY
================================================

DIRECTOR> TM_6252 [2024-07-10 06:05:44.897] Source Load Summary.
DIRECTOR> CMN_1740 [2024-07-10 06:05:44.897] Table: [SRC_HiveSrcContractBenefit] (Instance Name: [SRC_HiveSrcContractBenefit] Instance UI Name: [SRC_HiveSrcContractBenefit])
	 Output Rows [10], Affected Rows [10], Applied Rows [10], Rejected Rows [0]
DIRECTOR> TM_6704 [2024-07-10 06:05:44.897] Target Test Load Summary
DIRECTOR> CMN_1740 [2024-07-10 06:05:44.897] Table: [preview_01CAKB17000000000BC6_DataPreviewTarget_0001_01_csv] (Instance Name: [preview_01CAKB17000000000BC6_DataPreviewTarget_0001_01_csv] Instance UI Name: [DataPreviewTarget_0001_01])
	 Output Rows [10], Affected Rows [10], Applied Rows [10], Rejected Rows [0]
DIRECTOR> CMN_1740 [2024-07-10 06:05:44.897] Table: [preview_01CAKB17000000000BC6_DataPreviewTarget_0002_01_csv] (Instance Name: [preview_01CAKB17000000000BC6_DataPreviewTarget_0002_01_csv] Instance UI Name: [DataPreviewTarget_0002_01])
	 Output Rows [10], Affected Rows [10], Applied Rows [10], Rejected Rows [0]
DIRECTOR> TM_6023 [2024-07-10 06:05:44.897] 
===================================================

DIRECTOR> TM_6020 [2024-07-10 06:05:44.897] Session [s_mtt_01CAKB17000000000BC6] completed at [Wed Jul 10 06:05:44 2024].
