Agent Group Id: 01CAKB25000000000009
Agent Group Name: EDM_CDI_SA_GRP
Agent Name: edm.idmc.sa1.dev.nylcloud.com
Agent Id: 01CAKB0800000000000V
Task Name: m_RsBrgNbCntInsuredBnft
Task Type: MTT_DP
Task Id: 01CAKB17000000000BC6
Run Id: 35
Service Id: 2416322
Started By: wkhan01
Run Context Type: ICS_UI
07/11/2024 16:04:59 **** Importing Connection: Conn_01CAKB0B00000000002M ...
07/11/2024 16:05:01 **** Importing Source Definition: DUMMY_SRC_HiveSrcCntrBenslctopt_Sum ...
07/11/2024 16:05:01 **** Importing Source Definition: DUMMY_SRC_RefRecs ...
07/11/2024 16:05:01 **** Importing Source Definition: DUMMY_SRC_HiveSrcCntrBenValue_RnkMax ...
07/11/2024 16:05:01 **** Importing Source Definition: DUMMY_SRC_HiveDimNbPlanBenefit ...
07/11/2024 16:05:01 **** Importing Source Definition: DUMMY_SRC_HiveSrcCntrBenSlctOpt_Ecpo ...
07/11/2024 16:05:01 **** Importing Source Definition: DUMMY_SRC_HiveSrcContractBenefit ...
07/11/2024 16:05:01 **** Importing Source Definition: DUMMY_SRC_HiveSrcCntrBenValue_RnkMin ...
07/11/2024 16:05:01 **** Importing Source Definition: DUMMY_SRC_HiveSrcCntrBenValue ...
07/11/2024 16:05:01 **** Importing Source Definition: DUMMY_SRC_HiveSrcCntrBenslctopt_Levdot ...
07/11/2024 16:05:01 **** Importing Source Definition: DUMMY_SRC_HiveSrcCntrRelship ...
07/11/2024 16:05:01 **** Importing Source Definition: DUMMY_SRC_HivePzDimNbBeneComponent ...
07/11/2024 16:05:01 **** Importing Source Definition: DUMMY_SRC_HiveSrcCntrBenAccel ...
07/11/2024 16:05:01 **** Importing Source Definition: DUMMY_SRC_HiveCntrBenslctopt_Eobnf ...
07/11/2024 16:05:01 **** Importing Source Definition: DUMMY_SRC_HiveSrcCntrBenLink ...
07/11/2024 16:05:01 **** Importing Source Definition: DUMMY_SRC_HiveSrcContract ...
07/11/2024 16:05:01 **** Importing Source Definition: DUMMY_SRC_HiveSrcCntrBenRop ...
07/11/2024 16:05:01 **** Importing Source Definition: DUMMY_SRC_HivePzFactNBContractPart1 ...
07/11/2024 16:05:01 **** Importing Target Definition: preview_01CAKB17000000000BC6_DataPreviewTarget_0002_01_csv ...
07/11/2024 16:05:01 **** Importing Target Definition: preview_01CAKB17000000000BC6_DataPreviewTarget_0007_01_csv ...
07/11/2024 16:05:01 **** Importing Target Definition: preview_01CAKB17000000000BC6_DataPreviewTarget_0009_01_csv ...
07/11/2024 16:05:01 **** Importing Target Definition: preview_01CAKB17000000000BC6_DataPreviewTarget_000A_01_csv ...
07/11/2024 16:05:01 **** Importing Target Definition: preview_01CAKB17000000000BC6_DataPreviewTarget_000B_01_csv ...
07/11/2024 16:05:01 **** Importing Target Definition: preview_01CAKB17000000000BC6_DataPreviewTarget_000F_01_csv ...
07/11/2024 16:05:01 **** Importing Target Definition: preview_01CAKB17000000000BC6_DataPreviewTarget_0010_01_csv ...
07/11/2024 16:05:01 **** Importing Target Definition: preview_01CAKB17000000000BC6_DataPreviewTarget_0013_01_csv ...
07/11/2024 16:05:01 **** Importing Target Definition: preview_01CAKB17000000000BC6_DataPreviewTarget_0014_01_csv ...
07/11/2024 16:05:01 **** Importing Target Definition: preview_01CAKB17000000000BC6_DataPreviewTarget_0015_01_csv ...
07/11/2024 16:05:01 **** Importing Target Definition: preview_01CAKB17000000000BC6_DataPreviewTarget_0017_01_csv ...
07/11/2024 16:05:01 **** Importing Target Definition: preview_01CAKB17000000000BC6_DataPreviewTarget_0018_01_csv ...
07/11/2024 16:05:01 **** Importing Target Definition: preview_01CAKB17000000000BC6_DataPreviewTarget_0019_01_csv ...
07/11/2024 16:05:01 **** Importing Target Definition: preview_01CAKB17000000000BC6_DataPreviewTarget_001A_01_csv ...
07/11/2024 16:05:01 **** Importing Target Definition: preview_01CAKB17000000000BC6_DataPreviewTarget_001C_01_csv ...
07/11/2024 16:05:01 **** Importing Target Definition: preview_01CAKB17000000000BC6_DataPreviewTarget_001E_01_csv ...
07/11/2024 16:05:01 **** Importing Target Definition: preview_01CAKB17000000000BC6_DataPreviewTarget_001F_01_csv ...
07/11/2024 16:05:01 **** Importing Target Definition: preview_01CAKB17000000000BC6_DataPreviewTarget_0006_01_csv ...
07/11/2024 16:05:01 **** Importing Target Definition: preview_01CAKB17000000000BC6_DataPreviewTarget_0020_01_csv ...
07/11/2024 16:05:01 **** Importing Target Definition: preview_01CAKB17000000000BC6_DataPreviewTarget_0011_01_csv ...
07/11/2024 16:05:01 **** Importing Target Definition: preview_01CAKB17000000000BC6_DataPreviewTarget_0008_01_csv ...
07/11/2024 16:05:01 **** Importing Target Definition: preview_01CAKB17000000000BC6_DataPreviewTarget_0021_01_csv ...
07/11/2024 16:05:01 **** Importing Target Definition: preview_01CAKB17000000000BC6_DataPreviewTarget_0003_01_csv ...
07/11/2024 16:05:01 **** Importing Target Definition: preview_01CAKB17000000000BC6_DataPreviewTarget_0003_02_csv ...
07/11/2024 16:05:01 **** Importing Target Definition: preview_01CAKB17000000000BC6_DataPreviewTarget_0003_03_csv ...
07/11/2024 16:05:01 **** Importing Target Definition: preview_01CAKB17000000000BC6_DataPreviewTarget_0026_01_csv ...
07/11/2024 16:05:01 **** Importing Target Definition: preview_01CAKB17000000000BC6_DataPreviewTarget_0022_01_csv ...
07/11/2024 16:05:01 **** Importing Target Definition: preview_01CAKB17000000000BC6_DataPreviewTarget_0005_01_csv ...
07/11/2024 16:05:01 **** Importing Target Definition: preview_01CAKB17000000000BC6_DataPreviewTarget_0023_01_csv ...
07/11/2024 16:05:01 **** Importing Target Definition: preview_01CAKB17000000000BC6_DataPreviewTarget_0024_01_csv ...
07/11/2024 16:05:01 **** Importing Target Definition: preview_01CAKB17000000000BC6_DataPreviewTarget_0030_01_csv ...
07/11/2024 16:05:01 **** Importing Target Definition: preview_01CAKB17000000000BC6_DataPreviewTarget_0025_01_csv ...
07/11/2024 16:05:01 **** Importing Target Definition: preview_01CAKB17000000000BC6_DataPreviewTarget_0031_01_csv ...
07/11/2024 16:05:01 **** Importing Target Definition: preview_01CAKB17000000000BC6_DataPreviewTarget_0027_01_csv ...
07/11/2024 16:05:01 **** Importing Target Definition: preview_01CAKB17000000000BC6_DataPreviewTarget_0032_01_csv ...
07/11/2024 16:05:01 **** Importing Target Definition: preview_01CAKB17000000000BC6_DataPreviewTarget_0028_01_csv ...
07/11/2024 16:05:01 **** Importing Target Definition: preview_01CAKB17000000000BC6_DataPreviewTarget_0033_01_csv ...
07/11/2024 16:05:01 **** Importing Target Definition: preview_01CAKB17000000000BC6_DataPreviewTarget_0029_01_csv ...
07/11/2024 16:05:01 **** Importing Target Definition: preview_01CAKB17000000000BC6_DataPreviewTarget_0034_01_csv ...
07/11/2024 16:05:01 **** Importing Target Definition: preview_01CAKB17000000000BC6_DataPreviewTarget_002A_01_csv ...
07/11/2024 16:05:01 **** Importing Target Definition: preview_01CAKB17000000000BC6_DataPreviewTarget_0035_01_csv ...
07/11/2024 16:05:01 **** Importing Target Definition: preview_01CAKB17000000000BC6_DataPreviewTarget_002B_01_csv ...
07/11/2024 16:05:01 **** Importing Target Definition: preview_01CAKB17000000000BC6_DataPreviewTarget_0036_01_csv ...
07/11/2024 16:05:01 **** Importing Target Definition: preview_01CAKB17000000000BC6_DataPreviewTarget_002C_01_csv ...
07/11/2024 16:05:01 **** Importing Target Definition: preview_01CAKB17000000000BC6_DataPreviewTarget_0037_01_csv ...
07/11/2024 16:05:01 **** Importing Target Definition: preview_01CAKB17000000000BC6_DataPreviewTarget_002D_01_csv ...
07/11/2024 16:05:01 **** Importing Target Definition: preview_01CAKB17000000000BC6_DataPreviewTarget_0038_01_csv ...
07/11/2024 16:05:01 **** Importing Target Definition: preview_01CAKB17000000000BC6_DataPreviewTarget_002E_01_csv ...
07/11/2024 16:05:01 **** Importing Target Definition: preview_01CAKB17000000000BC6_DataPreviewTarget_0039_01_csv ...
07/11/2024 16:05:01 **** Importing Target Definition: preview_01CAKB17000000000BC6_DataPreviewTarget_002F_01_csv ...
07/11/2024 16:05:01 **** Importing Target Definition: preview_01CAKB17000000000BC6_DataPreviewTarget_003A_01_csv ...
07/11/2024 16:05:01 **** Importing Target Definition: preview_01CAKB17000000000BC6_DataPreviewTarget_001D_01_csv ...
07/11/2024 16:05:01 **** Importing Target Definition: preview_01CAKB17000000000BC6_DataPreviewTarget_0012_01_csv ...
07/11/2024 16:05:01 **** Importing Target Definition: preview_01CAKB17000000000BC6_DataPreviewTarget_000D_01_csv ...
07/11/2024 16:05:01 **** Importing Target Definition: preview_01CAKB17000000000BC6_DataPreviewTarget_001B_01_csv ...
07/11/2024 16:05:01 **** Importing Target Definition: preview_01CAKB17000000000BC6_DataPreviewTarget_001B_02_csv ...
07/11/2024 16:05:01 **** Importing Target Definition: preview_01CAKB17000000000BC6_DataPreviewTarget_001B_03_csv ...
07/11/2024 16:05:01 **** Importing Target Definition: preview_01CAKB17000000000BC6_DataPreviewTarget_000E_01_csv ...
07/11/2024 16:05:01 **** Importing Target Definition: preview_01CAKB17000000000BC6_DataPreviewTarget_000C_01_csv ...
07/11/2024 16:05:01 **** Importing Target Definition: preview_01CAKB17000000000BC6_DataPreviewTarget_003B_01_csv ...
07/11/2024 16:05:01 **** Importing Target Definition: preview_01CAKB17000000000BC6_DataPreviewTarget_0016_01_csv ...
07/11/2024 16:05:01 **** Importing Target Definition: preview_01CAKB17000000000BC6_DataPreviewTarget_0004_01_csv ...
07/11/2024 16:05:01 **** Importing Target Definition: preview_01CAKB17000000000BC6_DataPreviewTarget_0004_02_csv ...
07/11/2024 16:05:01 **** Importing Target Definition: preview_01CAKB17000000000BC6_DataPreviewTarget_0004_03_csv ...
07/11/2024 16:05:01 **** Importing Target Definition: preview_01CAKB17000000000BC6_DataPreviewTarget_0001_01_csv ...
07/11/2024 16:05:01 **** Importing Target Definition: preview_01CAKB17000000000BC6_DataPreviewTarget_003C_01_csv ...
07/11/2024 16:05:01 **** Importing SessionConfig: default_session_config ...
    <Warning> :  The Error Log DB Connection value should have Relational: as the prefix.
    <Warning> :  Invalid value  for attribute Error Log DB Connection. Will use the default value 
    Validating Source Definition  DUMMY_SRC_HivePzFactNBContractPart1...
    Validating Source Definition  DUMMY_SRC_HiveSrcCntrBenRop...
    Validating Source Definition  DUMMY_SRC_HiveSrcContract...
    Validating Source Definition  DUMMY_SRC_HiveSrcCntrBenLink...
    Validating Source Definition  DUMMY_SRC_HiveCntrBenslctopt_Eobnf...
    Validating Source Definition  DUMMY_SRC_HiveSrcCntrBenAccel...
    Validating Source Definition  DUMMY_SRC_HivePzDimNbBeneComponent...
    Validating Source Definition  DUMMY_SRC_HiveSrcCntrRelship...
    Validating Source Definition  DUMMY_SRC_HiveSrcCntrBenslctopt_Levdot...
    Validating Source Definition  DUMMY_SRC_HiveSrcCntrBenValue...
    Validating Source Definition  DUMMY_SRC_HiveSrcCntrBenValue_RnkMin...
    Validating Source Definition  DUMMY_SRC_HiveSrcContractBenefit...
    Validating Source Definition  DUMMY_SRC_HiveSrcCntrBenSlctOpt_Ecpo...
    Validating Source Definition  DUMMY_SRC_HiveDimNbPlanBenefit...
    Validating Source Definition  DUMMY_SRC_HiveSrcCntrBenValue_RnkMax...
    Validating Source Definition  DUMMY_SRC_RefRecs...
    Validating Source Definition  DUMMY_SRC_HiveSrcCntrBenslctopt_Sum...
    Validating Target Definition  preview_01CAKB17000000000BC6_DataPreviewTarget_003C_01_csv...
    Validating Target Definition  preview_01CAKB17000000000BC6_DataPreviewTarget_0001_01_csv...
    Validating Target Definition  preview_01CAKB17000000000BC6_DataPreviewTarget_0004_03_csv...
    Validating Target Definition  preview_01CAKB17000000000BC6_DataPreviewTarget_0004_02_csv...
    Validating Target Definition  preview_01CAKB17000000000BC6_DataPreviewTarget_0004_01_csv...
    Validating Target Definition  preview_01CAKB17000000000BC6_DataPreviewTarget_0016_01_csv...
    Validating Target Definition  preview_01CAKB17000000000BC6_DataPreviewTarget_003B_01_csv...
    Validating Target Definition  preview_01CAKB17000000000BC6_DataPreviewTarget_000C_01_csv...
    Validating Target Definition  preview_01CAKB17000000000BC6_DataPreviewTarget_000E_01_csv...
    Validating Target Definition  preview_01CAKB17000000000BC6_DataPreviewTarget_001B_03_csv...
    Validating Target Definition  preview_01CAKB17000000000BC6_DataPreviewTarget_001B_02_csv...
    Validating Target Definition  preview_01CAKB17000000000BC6_DataPreviewTarget_001B_01_csv...
    Validating Target Definition  preview_01CAKB17000000000BC6_DataPreviewTarget_000D_01_csv...
    Validating Target Definition  preview_01CAKB17000000000BC6_DataPreviewTarget_0012_01_csv...
    Validating Target Definition  preview_01CAKB17000000000BC6_DataPreviewTarget_001D_01_csv...
    Validating Target Definition  preview_01CAKB17000000000BC6_DataPreviewTarget_003A_01_csv...
    Validating Target Definition  preview_01CAKB17000000000BC6_DataPreviewTarget_002F_01_csv...
    Validating Target Definition  preview_01CAKB17000000000BC6_DataPreviewTarget_0039_01_csv...
    Validating Target Definition  preview_01CAKB17000000000BC6_DataPreviewTarget_002E_01_csv...
    Validating Target Definition  preview_01CAKB17000000000BC6_DataPreviewTarget_0038_01_csv...
    Validating Target Definition  preview_01CAKB17000000000BC6_DataPreviewTarget_002D_01_csv...
    Validating Target Definition  preview_01CAKB17000000000BC6_DataPreviewTarget_0037_01_csv...
    Validating Target Definition  preview_01CAKB17000000000BC6_DataPreviewTarget_002C_01_csv...
    Validating Target Definition  preview_01CAKB17000000000BC6_DataPreviewTarget_0036_01_csv...
    Validating Target Definition  preview_01CAKB17000000000BC6_DataPreviewTarget_002B_01_csv...
    Validating Target Definition  preview_01CAKB17000000000BC6_DataPreviewTarget_0035_01_csv...
    Validating Target Definition  preview_01CAKB17000000000BC6_DataPreviewTarget_002A_01_csv...
    Validating Target Definition  preview_01CAKB17000000000BC6_DataPreviewTarget_0034_01_csv...
    Validating Target Definition  preview_01CAKB17000000000BC6_DataPreviewTarget_0029_01_csv...
    Validating Target Definition  preview_01CAKB17000000000BC6_DataPreviewTarget_0033_01_csv...
    Validating Target Definition  preview_01CAKB17000000000BC6_DataPreviewTarget_0028_01_csv...
    Validating Target Definition  preview_01CAKB17000000000BC6_DataPreviewTarget_0032_01_csv...
    Validating Target Definition  preview_01CAKB17000000000BC6_DataPreviewTarget_0027_01_csv...
    Validating Target Definition  preview_01CAKB17000000000BC6_DataPreviewTarget_0031_01_csv...
    Validating Target Definition  preview_01CAKB17000000000BC6_DataPreviewTarget_0025_01_csv...
    Validating Target Definition  preview_01CAKB17000000000BC6_DataPreviewTarget_0030_01_csv...
    Validating Target Definition  preview_01CAKB17000000000BC6_DataPreviewTarget_0024_01_csv...
    Validating Target Definition  preview_01CAKB17000000000BC6_DataPreviewTarget_0023_01_csv...
    Validating Target Definition  preview_01CAKB17000000000BC6_DataPreviewTarget_0005_01_csv...
    Validating Target Definition  preview_01CAKB17000000000BC6_DataPreviewTarget_0022_01_csv...
    Validating Target Definition  preview_01CAKB17000000000BC6_DataPreviewTarget_0026_01_csv...
    Validating Target Definition  preview_01CAKB17000000000BC6_DataPreviewTarget_0003_03_csv...
    Validating Target Definition  preview_01CAKB17000000000BC6_DataPreviewTarget_0003_02_csv...
    Validating Target Definition  preview_01CAKB17000000000BC6_DataPreviewTarget_0003_01_csv...
    Validating Target Definition  preview_01CAKB17000000000BC6_DataPreviewTarget_0021_01_csv...
    Validating Target Definition  preview_01CAKB17000000000BC6_DataPreviewTarget_0008_01_csv...
    Validating Target Definition  preview_01CAKB17000000000BC6_DataPreviewTarget_0011_01_csv...
    Validating Target Definition  preview_01CAKB17000000000BC6_DataPreviewTarget_0020_01_csv...
    Validating Target Definition  preview_01CAKB17000000000BC6_DataPreviewTarget_0006_01_csv...
    Validating Target Definition  preview_01CAKB17000000000BC6_DataPreviewTarget_001F_01_csv...
    Validating Target Definition  preview_01CAKB17000000000BC6_DataPreviewTarget_001E_01_csv...
    Validating Target Definition  preview_01CAKB17000000000BC6_DataPreviewTarget_001C_01_csv...
    Validating Target Definition  preview_01CAKB17000000000BC6_DataPreviewTarget_001A_01_csv...
    Validating Target Definition  preview_01CAKB17000000000BC6_DataPreviewTarget_0019_01_csv...
    Validating Target Definition  preview_01CAKB17000000000BC6_DataPreviewTarget_0018_01_csv...
    Validating Target Definition  preview_01CAKB17000000000BC6_DataPreviewTarget_0017_01_csv...
    Validating Target Definition  preview_01CAKB17000000000BC6_DataPreviewTarget_0015_01_csv...
    Validating Target Definition  preview_01CAKB17000000000BC6_DataPreviewTarget_0014_01_csv...
    Validating Target Definition  preview_01CAKB17000000000BC6_DataPreviewTarget_0013_01_csv...
    Validating Target Definition  preview_01CAKB17000000000BC6_DataPreviewTarget_0010_01_csv...
    Validating Target Definition  preview_01CAKB17000000000BC6_DataPreviewTarget_000F_01_csv...
    Validating Target Definition  preview_01CAKB17000000000BC6_DataPreviewTarget_000B_01_csv...
    Validating Target Definition  preview_01CAKB17000000000BC6_DataPreviewTarget_000A_01_csv...
    Validating Target Definition  preview_01CAKB17000000000BC6_DataPreviewTarget_0009_01_csv...
    Validating Target Definition  preview_01CAKB17000000000BC6_DataPreviewTarget_0007_01_csv...
    Validating Target Definition  preview_01CAKB17000000000BC6_DataPreviewTarget_0002_01_csv...
07/11/2024 16:05:02 **** Importing Mapping: Mapping0 ...
    <Warning> :  transformation: JNR_JnConbenidRef - Invalid value Null is Higest Value for attribute Null ordering in detail. Will use the default value Null Is Highest Value    [transformation< JNR_JnConbenidRef > ] 
    <Warning> :  transformation: JNR_JnConrelidRef - Invalid value Null is Higest Value for attribute Null ordering in detail. Will use the default value Null Is Highest Value    [transformation< JNR_JnConrelidRef > ] 
    <Warning> :  transformation: JNR_JnCntrctidRef - Invalid value Null is Higest Value for attribute Null ordering in detail. Will use the default value Null Is Highest Value    [transformation< JNR_JnCntrctidRef > ] 
    <Warning> :  transformation: JNR_JoinSrcCntBenvalue - Invalid value Null is Higest Value for attribute Null ordering in detail. Will use the default value Null Is Highest Value    [transformation< JNR_JoinSrcCntBenvalue > ] 
    <Warning> :  transformation: JNR_JoinCntBenValueRnkMin - Invalid value Null is Higest Value for attribute Null ordering in detail. Will use the default value Null Is Highest Value    [transformation< JNR_JoinCntBenValueRnkMin > ] 
    <Warning> :  transformation: JNR_JoinCntBenValueRnkMax - Invalid value Null is Higest Value for attribute Null ordering in detail. Will use the default value Null Is Highest Value    [transformation< JNR_JoinCntBenValueRnkMax > ] 
    <Warning> :  transformation: JNR_JoinCntrBenAccel - Invalid value Null is Higest Value for attribute Null ordering in detail. Will use the default value Null Is Highest Value    [transformation< JNR_JoinCntrBenAccel > ] 
    <Warning> :  transformation: JNR_JoinCntrBenSlctOpt_Ecpo - Invalid value Null is Higest Value for attribute Null ordering in detail. Will use the default value Null Is Highest Value    [transformation< JNR_JoinCntrBenSlctOpt_Ecpo > ] 
    <Warning> :  transformation: JNR_JoinCntrBenSlctOpt_sum - Invalid value Null is Higest Value for attribute Null ordering in detail. Will use the default value Null Is Highest Value    [transformation< JNR_JoinCntrBenSlctOpt_sum > ] 
    <Warning> :  transformation: JNR_JoinCntrBenSlctOpt_Levdot - Invalid value Null is Higest Value for attribute Null ordering in detail. Will use the default value Null Is Highest Value    [transformation< JNR_JoinCntrBenSlctOpt_Levdot > ] 
    <Warning> :  transformation: JNR_JoinCntrBenSlctOpt_Eobnf - Invalid value Null is Higest Value for attribute Null ordering in detail. Will use the default value Null Is Highest Value    [transformation< JNR_JoinCntrBenSlctOpt_Eobnf > ] 
    <Warning> :  transformation: JNR_JoinCntrBenRop - Invalid value Null is Higest Value for attribute Null ordering in detail. Will use the default value Null Is Highest Value    [transformation< JNR_JoinCntrBenRop > ] 
    <Warning> :  transformation: JNR_JoinPzFactNBContractPart1 - Invalid value Null is Higest Value for attribute Null ordering in detail. Will use the default value Null Is Highest Value    [transformation< JNR_JoinPzFactNBContractPart1 > ] 
    <Warning> :  transformation: JNR_JoinDimNbBeneComponent - Invalid value Null is Higest Value for attribute Null ordering in detail. Will use the default value Null Is Highest Value    [transformation< JNR_JoinDimNbBeneComponent > ] 
    <Warning> :  transformation: JNR_JoinDimNbPlanBenefit - Invalid value Null is Higest Value for attribute Null ordering in detail. Will use the default value Null Is Highest Value    [transformation< JNR_JoinDimNbPlanBenefit > ] 
    <Warning> :  transformation: JNR_ccapInsUpdDelCopy_Jnr_ChangeCode - Invalid value Null is Higest Value for attribute Null ordering in detail. Will use the default value Null Is Highest Value    [transformation< JNR_ccapInsUpdDelCopy_Jnr_ChangeCode > ] 
    <Warning> :  transformation: JNR_jnCopyUpd - Invalid value Null is Higest Value for attribute Null ordering in detail. Will use the default value Null Is Highest Value    [transformation< JNR_jnCopyUpd > ] 
Validating transformations of mapping Mapping0...
Validating mapping variable(s).
Concatenation disallowed on transformation JNR_jnCopyUpd. Active transformations (RTR_copyRefActiveRecs.copyRefActiveRecsOut, RTR_copyRefActiveRecs.copyRefActiveRecsOut1, ...). 
** Failed to Import: Mapping0
07/11/2024 16:05:03 **** Importing Workflow: wf_mtt_01CAKB17000000000BC6 ...
    <Error> : the mapping Mapping0 used for session s_mtt_01CAKB17000000000BC6 is not found, or is invalid
** Failed to Import: wf_mtt_01CAKB17000000000BC6
Metadata Import Error: Imported objects does not contain a valid workflow.
======================================================================
