Agent Group Id: 01CAKB25000000000009
Agent Group Name: EDM_CDI_SA_GRP
Agent Name: edm.idmc.sa2.dev.nylcloud.com
Agent Id: 01CAKB0800000000000U
Task Name: mct_m_RsFactNbDeclarationDetailTrans3Set1
Task Type: MTT
Task Id: 01CAKB0Z000000000BFW
Run Id: 2
Service Id: 2459854
Started By: wkhan01
Run Context Type: ICS_UI
08/03/2024 03:28:01 **** Importing Connection: Conn_01CAKB0B00000000002M ...
08/03/2024 03:28:01 **** Importing Source Definition: DUMMY_SRC_HiveDimNbRequirementRef ...
08/03/2024 03:28:01 **** Importing Source Definition: DUMMY_SRC_HiveRequirement ...
08/03/2024 03:28:01 **** Importing Source Definition: fact_nb_declaration_detail_declaration2 ...
08/03/2024 03:28:01 **** Importing Source Definition: fact_nb_declaration_detail_declaration1 ...
08/03/2024 03:28:01 **** Importing Target Definition: fact_nb_declaration_detail_declaration3_set1_2 ...
08/03/2024 03:28:01 **** Importing Target Definition: fact_nb_declaration_detail_declaration3_set1_3 ...
08/03/2024 03:28:01 **** Importing Target Definition: fact_nb_declaration_detail_declaration3_set1_1 ...
08/03/2024 03:28:01 **** Importing SessionConfig: default_session_config ...
    <Warning> :  The Error Log DB Connection value should have Relational: as the prefix.
    <Warning> :  Invalid value  for attribute Error Log DB Connection. Will use the default value 
    Validating Source Definition  DUMMY_SRC_HiveRequirement...
    Validating Source Definition  DUMMY_SRC_HiveDimNbRequirementRef...
    Validating Source Definition  fact_nb_declaration_detail_declaration1...
    Validating Source Definition  fact_nb_declaration_detail_declaration2...
    Validating Target Definition  fact_nb_declaration_detail_declaration3_set1_1...
    Validating Target Definition  fact_nb_declaration_detail_declaration3_set1_3...
    Validating Target Definition  fact_nb_declaration_detail_declaration3_set1_2...
08/03/2024 03:28:01 **** Importing Mapping: Mapping0 ...
    <Warning> :  transformation: JNR_JoinRequirementTbl - Invalid value Null is Higest Value for attribute Null ordering in detail. Will use the default value Null Is Highest Value    [transformation< JNR_JoinRequirementTbl > ] 
    <Warning> :  transformation: JNR_JoinDimNbRequirementRef - Invalid value Null is Higest Value for attribute Null ordering in detail. Will use the default value Null Is Highest Value    [transformation< JNR_JoinDimNbRequirementRef > ] 
Validating transformations of mapping Mapping0...
Validating mapping variable(s).
    <Warning> :  Invalid table attribute: Exec SQL
    <Warning> :  Invalid table attribute: Exec SQL
    <Warning> :  Invalid table attribute: Exec SQL
    <Warning> :  Invalid table attribute: Exec SQL
08/03/2024 03:28:01 **** Importing Workflow: wf_mtt_01CAKB0Z000000000BFW ...
    <Warning> :  Invalid value false for attribute S3 Client Encryption. Will use the default value NO    [Session< s_mtt_01CAKB0Z000000000BFW >  --> AmazonRedshiftV2_amazonredshift Reader< AmazonRedshiftV2_amazonredshift Reader > ] 
    <Warning> :  Invalid value false for attribute S3 Server Side Encryption. Will use the default value NO    [Session< s_mtt_01CAKB0Z000000000BFW >  --> AmazonRedshiftV2_amazonredshift Reader< AmazonRedshiftV2_amazonredshift Reader > ] 
    <Warning> :  Invalid value false for attribute S3 Client Encryption. Will use the default value NO    [Session< s_mtt_01CAKB0Z000000000BFW >  --> AmazonRedshiftV2_amazonredshift Reader< AmazonRedshiftV2_amazonredshift Reader > ] 
    <Warning> :  Invalid value false for attribute S3 Server Side Encryption. Will use the default value NO    [Session< s_mtt_01CAKB0Z000000000BFW >  --> AmazonRedshiftV2_amazonredshift Reader< AmazonRedshiftV2_amazonredshift Reader > ] 
    <Warning> :  Invalid value false for attribute S3 Client Encryption. Will use the default value NO    [Session< s_mtt_01CAKB0Z000000000BFW >  --> AmazonRedshiftV2_amazonredshift Reader< AmazonRedshiftV2_amazonredshift Reader > ] 
    <Warning> :  Invalid value false for attribute S3 Server Side Encryption. Will use the default value NO    [Session< s_mtt_01CAKB0Z000000000BFW >  --> AmazonRedshiftV2_amazonredshift Reader< AmazonRedshiftV2_amazonredshift Reader > ] 
    <Warning> :  Invalid value false for attribute S3 Client Encryption. Will use the default value NO    [Session< s_mtt_01CAKB0Z000000000BFW >  --> AmazonRedshiftV2_amazonredshift Reader< AmazonRedshiftV2_amazonredshift Reader > ] 
    <Warning> :  Invalid value false for attribute S3 Server Side Encryption. Will use the default value NO    [Session< s_mtt_01CAKB0Z000000000BFW >  --> AmazonRedshiftV2_amazonredshift Reader< AmazonRedshiftV2_amazonredshift Reader > ] 
    <Warning> :  invalid attribute Lookup source is static for element ATTRIBUTE    [Session< s_mtt_01CAKB0Z000000000BFW >  --> AmazonRedshiftV2_amazonredshift Lookup< AmazonRedshiftV2_amazonredshift Lookup > ] 
    <Warning> :  Invalid value false for attribute S3 Server Side Encryption. Will use the default value NO    [Session< s_mtt_01CAKB0Z000000000BFW >  --> AmazonRedshiftV2_amazonredshift Lookup< AmazonRedshiftV2_amazonredshift Lookup > ] 
    <Warning> :  invalid attribute Lookup cache directory name for element ATTRIBUTE    [Session< s_mtt_01CAKB0Z000000000BFW >  --> AmazonRedshiftV2_amazonredshift Lookup< AmazonRedshiftV2_amazonredshift Lookup > ] 
    <Warning> :  invalid attribute Lookup Index Cache Size for element ATTRIBUTE    [Session< s_mtt_01CAKB0Z000000000BFW >  --> AmazonRedshiftV2_amazonredshift Lookup< AmazonRedshiftV2_amazonredshift Lookup > ] 
    <Warning> :  invalid attribute Tracing Level for element ATTRIBUTE    [Session< s_mtt_01CAKB0Z000000000BFW >  --> AmazonRedshiftV2_amazonredshift Lookup< AmazonRedshiftV2_amazonredshift Lookup > ] 
    <Warning> :  invalid attribute Lookup Data Cache Size for element ATTRIBUTE    [Session< s_mtt_01CAKB0Z000000000BFW >  --> AmazonRedshiftV2_amazonredshift Lookup< AmazonRedshiftV2_amazonredshift Lookup > ] 
    <Warning> :  invalid attribute Cache File Name Prefix for element ATTRIBUTE    [Session< s_mtt_01CAKB0Z000000000BFW >  --> AmazonRedshiftV2_amazonredshift Lookup< AmazonRedshiftV2_amazonredshift Lookup > ] 
    <Warning> :  invalid attribute Insert Else Update for element ATTRIBUTE    [Session< s_mtt_01CAKB0Z000000000BFW >  --> AmazonRedshiftV2_amazonredshift Lookup< AmazonRedshiftV2_amazonredshift Lookup > ] 
    <Warning> :  invalid attribute Case Sensitive String Comparison for element ATTRIBUTE    [Session< s_mtt_01CAKB0Z000000000BFW >  --> AmazonRedshiftV2_amazonredshift Lookup< AmazonRedshiftV2_amazonredshift Lookup > ] 
    <Warning> :  Invalid value false for attribute S3 Client Encryption. Will use the default value NO    [Session< s_mtt_01CAKB0Z000000000BFW >  --> AmazonRedshiftV2_amazonredshift Lookup< AmazonRedshiftV2_amazonredshift Lookup > ] 
    <Warning> :  invalid attribute Re-cache from lookup source for element ATTRIBUTE    [Session< s_mtt_01CAKB0Z000000000BFW >  --> AmazonRedshiftV2_amazonredshift Lookup< AmazonRedshiftV2_amazonredshift Lookup > ] 
    <Warning> :  invalid attribute Dynamic Lookup Cache for element ATTRIBUTE    [Session< s_mtt_01CAKB0Z000000000BFW >  --> AmazonRedshiftV2_amazonredshift Lookup< AmazonRedshiftV2_amazonredshift Lookup > ] 
    <Warning> :  invalid attribute Null ordering for element ATTRIBUTE    [Session< s_mtt_01CAKB0Z000000000BFW >  --> AmazonRedshiftV2_amazonredshift Lookup< AmazonRedshiftV2_amazonredshift Lookup > ] 
    <Warning> :  invalid attribute Subsecond Precision for element ATTRIBUTE    [Session< s_mtt_01CAKB0Z000000000BFW >  --> AmazonRedshiftV2_amazonredshift Lookup< AmazonRedshiftV2_amazonredshift Lookup > ] 
    <Warning> :  invalid attribute Update Dynamic Cache Condition for element ATTRIBUTE    [Session< s_mtt_01CAKB0Z000000000BFW >  --> AmazonRedshiftV2_amazonredshift Lookup< AmazonRedshiftV2_amazonredshift Lookup > ] 
    <Warning> :  invalid attribute Optional for element ATTRIBUTE    [Session< s_mtt_01CAKB0Z000000000BFW >  --> AmazonRedshiftV2_amazonredshift Lookup< AmazonRedshiftV2_amazonredshift Lookup > ] 
    <Warning> :  invalid attribute Output Old Value On Update for element ATTRIBUTE    [Session< s_mtt_01CAKB0Z000000000BFW >  --> AmazonRedshiftV2_amazonredshift Lookup< AmazonRedshiftV2_amazonredshift Lookup > ] 
    <Warning> :  invalid attribute Pre-build lookup cache for element ATTRIBUTE    [Session< s_mtt_01CAKB0Z000000000BFW >  --> AmazonRedshiftV2_amazonredshift Lookup< AmazonRedshiftV2_amazonredshift Lookup > ] 
    <Warning> :  invalid attribute Lookup caching enabled for element ATTRIBUTE    [Session< s_mtt_01CAKB0Z000000000BFW >  --> AmazonRedshiftV2_amazonredshift Lookup< AmazonRedshiftV2_amazonredshift Lookup > ] 
    <Warning> :  invalid attribute Lookup cache persistent for element ATTRIBUTE    [Session< s_mtt_01CAKB0Z000000000BFW >  --> AmazonRedshiftV2_amazonredshift Lookup< AmazonRedshiftV2_amazonredshift Lookup > ] 
    <Warning> :  invalid attribute Sorted Input for element ATTRIBUTE    [Session< s_mtt_01CAKB0Z000000000BFW >  --> AmazonRedshiftV2_amazonredshift Lookup< AmazonRedshiftV2_amazonredshift Lookup > ] 
    <Warning> :  invalid attribute Lookup Source Filter for element ATTRIBUTE    [Session< s_mtt_01CAKB0Z000000000BFW >  --> AmazonRedshiftV2_amazonredshift Lookup< AmazonRedshiftV2_amazonredshift Lookup > ] 
    <Warning> :  invalid attribute Lookup Sql Override for element ATTRIBUTE    [Session< s_mtt_01CAKB0Z000000000BFW >  --> AmazonRedshiftV2_amazonredshift Lookup< AmazonRedshiftV2_amazonredshift Lookup > ] 
    <Warning> :  Invalid value None for attribute Pushdown Optimization Context. Will use the default value None     [Session< s_mtt_01CAKB0Z000000000BFW > ] 
    <Warning> :  The value entered is not a valid integer.
    <Warning> :  Invalid value NO for attribute Fail task after wait time. Will use the default value 
[Summary for Application Source Qualifier SRC_fchdfsDeclarationDetailTrans_2]
     Is a new repartition point.
     Partition type changed from None to Pass Through.
[Summary for Application Source Qualifier SRC_fchdfsDeclarationDetailTrans_1]
     Is a new repartition point.
     Partition type changed from None to Pass Through.
[Summary for Application Source Qualifier SRC_HiveDimNbRequirementRef]
     Is a new repartition point.
     Partition type changed from None to Pass Through.
[Summary for Application Source Qualifier SRC_HiveRequirement]
     Is a new repartition point.
     Partition type changed from None to Pass Through.
[Summary for Custom Transformation UN_FnlSrcRec]
     Is a new repartition point.
     Number of groups changed from 1 to 2.

[Summary for Joiner JNR_JoinDimNbRequirementRef]
     Is a new repartition point.
     Partition type changed from None to Hash Auto Keys.
Successfully extracted session instance [s_mtt_01CAKB0Z000000000BFW].  Starting repository sequence id is [1633844191]
======================================================================
PETL_24036 [2024-08-03 03:28:00.465] Beginning the prepare phase for the session.
TM_6721 [2024-08-03 03:28:00.465] Started [Connect to Repository].
TM_6722 [2024-08-03 03:28:00.951] Finished [Connect to Repository].  It took [0.485105] seconds.
TM_6721 [2024-08-03 03:28:00.951] Started [Fetch Session from Repository].
TM_6722 [2024-08-03 03:28:01.575] Finished [Fetch Session from Repository].  It took [0.624728] seconds.
VAR_27085 [2024-08-03 03:28:01.577] Parameter file [/app/iics_agent_dir/apps/Data_Integration_Server/data/parameters/s_mtt_01CAKB0Z000000000BFW.param] is opened for [session [wf_mtt_01CAKB0Z000000000BFW.s_mtt_01CAKB0Z000000000BFW]].
VAR_27062 [2024-08-03 03:28:01.577] Warning! Cannot find section for worklet [wf_mtt_01CAKB0Z000000000BFW] and folder [] in parameter file [/app/iics_agent_dir/apps/Data_Integration_Server/data/parameters/s_mtt_01CAKB0Z000000000BFW.param].
TM_6721 [2024-08-03 03:28:01.593] Started [Partition Group Formation].
TM_6722 [2024-08-03 03:28:01.594] Finished [Partition Group Formation].  It took [0.00103092] seconds.
PETL_24037 [2024-08-03 03:28:01.594] Finished the prepare phase for the session.
DIRECTOR> TM_6228 [2024-08-03 03:28:01.595] Writing session output to log file [/app/iics_agent_dir/apps/Data_Integration_Server/data/../logs/s_mtt_64LypFwFu4slW0p00MLeuy_2.log].
DIRECTOR> VAR_27085 [2024-08-03 03:28:01.597] Parameter file [/app/iics_agent_dir/apps/Data_Integration_Server/data/parameters/s_mtt_01CAKB0Z000000000BFW.param] is opened for [session [wf_mtt_01CAKB0Z000000000BFW.s_mtt_01CAKB0Z000000000BFW]].
DIRECTOR> VAR_27062 [2024-08-03 03:28:01.597] Warning! Cannot find section for worklet [wf_mtt_01CAKB0Z000000000BFW] and folder [] in parameter file [/app/iics_agent_dir/apps/Data_Integration_Server/data/parameters/s_mtt_01CAKB0Z000000000BFW.param].
DIRECTOR> TM_6014 [2024-08-03 03:28:01.598] Initializing session [s_mtt_01CAKB0Z000000000BFW] at [Sat Aug 03 03:28:01 2024].
DIRECTOR> TM_6683 [2024-08-03 03:28:01.598] Repository Name: [XMLRepository]
DIRECTOR> TM_6684 [2024-08-03 03:28:01.598] Server Name: [rDTM]
DIRECTOR> TM_6686 [2024-08-03 03:28:01.598] Folder: []
DIRECTOR> TM_6685 [2024-08-03 03:28:01.598] Workflow: [wf_mtt_01CAKB0Z000000000BFW] Run Instance Name: [] Run Id: [0]
DIRECTOR> TM_6992 [2024-08-03 03:28:01.598] Operating System Type [Linux]
DIRECTOR> TM_6101 [2024-08-03 03:28:01.598] Mapping name: Mapping0.
DIRECTOR> TM_6964 [2024-08-03 03:28:01.599] Date format for the Session is [MM/DD/YYYY HH24:MI:SS.US]
DIRECTOR> TM_6703 [2024-08-03 03:28:01.599] Session [s_mtt_01CAKB0Z000000000BFW] is run by 64-bit Integration Service  [], version [10.2.0 HotFix2], build [0320].
MANAGER> PETL_24091 [2024-08-03 03:28:01.639] Thread [MANAGER] has the ID [1].
MANAGER> PETL_24058 [2024-08-03 03:28:01.639] Running Partition Group [1].
MANAGER> PETL_24000 [2024-08-03 03:28:01.639] Parallel Pipeline Engine initializing.
MONITOR> PETL_24091 [2024-08-03 03:28:01.639] Thread [MONITOR] has the ID [2].
MANAGER> PETL_24001 [2024-08-03 03:28:01.640] Parallel Pipeline Engine running.
MANAGER> PETL_24003 [2024-08-03 03:28:01.640] Initializing session run.
MAPPING> PETL_24091 [2024-08-03 03:28:01.640] Thread [MAPPING] has the ID [3].
MAPPING> CMN_1569 [2024-08-03 03:28:01.644] Server Mode: [UNICODE]
MAPPING> CMN_1570 [2024-08-03 03:28:01.644] Server Code page: [ISO 8859-1 Western European]
MAPPING> TM_6151 [2024-08-03 03:28:01.644] The session sort order is [Binary].
MAPPING> TM_6185 [2024-08-03 03:28:01.644] Warning. Code page validation is disabled in this session.
MAPPING> CMN_65110 [2024-08-03 03:28:01.644] Current Timezone:[UTC -5:0]
MAPPING> CMN_65111 [2024-08-03 03:28:01.644] Current Process ID:[11627]
MAPPING> TM_6155 [2024-08-03 03:28:01.644] Using HIGH precision processing.
MAPPING> TM_6180 [2024-08-03 03:28:01.644] Deadlock retry logic will not be implemented.
MAPPING> TM_6187 [2024-08-03 03:28:01.644] Session target-based commit interval is [10000].
MAPPING> PMJVM_42020 [2024-08-03 03:28:01.650] [INFO] Loaded library : /app/iics_agent_dir/apps/jdk/zulu8.70.0.52-sa-fx-jdk8.0.372/jre/lib/amd64/server/libjvm.so.
MAPPING> PMJVM_42009 [2024-08-03 03:28:01.742] [INFO] Created Java VM successfully.
MAPPING> SDKS_38029 [2024-08-03 03:28:01.823] Loaded plug-in 451600: [plugin description].
MAPPING> SDKS_38024 [2024-08-03 03:28:01.861] Plug-in 451600 initialization complete.
MAPPING> SDKS_38016 [2024-08-03 03:28:01.863] Reader SDK plug-in initialization complete.
MAPPING> SDKS_38029 [2024-08-03 03:28:01.864] Loaded plug-in 451600: [plugin description].
MAPPING> SDKS_38024 [2024-08-03 03:28:02.450] Plug-in 451600 initialization complete.
MAPPING> SDKS_38017 [2024-08-03 03:28:02.450] Writer SDK plug-in initialization complete.
MAPPING> CONNECTOR_10000 [2024-08-03 03:28:04.191] [INFO] TPL's are loaded from /app/iics_agent_dir/apps/Data_Integration_Server/70.0.1.3/connectors/../connectors/thirdparty/informatica.amazonredshift/upgraded
MAPPING> CONNECTOR_10000 [2024-08-03 03:28:04.740] [INFO] The target object at runtime is overridden with the parameter name = fact_nb_declaration_detail_declaration3_set1_2 table name = fact_nb_declaration_detail_declaration3_set1_2.
MAPPING> CONNECTOR_10000 [2024-08-03 03:28:05.083] [INFO] The target object at runtime is overridden with the parameter name = fact_nb_declaration_detail_declaration3_set1_3 table name = fact_nb_declaration_detail_declaration3_set1_3.
MAPPING> CONNECTOR_10000 [2024-08-03 03:28:05.163] [INFO] The target object at runtime is overridden with the parameter name = fact_nb_declaration_detail_declaration3_set1_1 table name = fact_nb_declaration_detail_declaration3_set1_1.
MAPPING> SDKS_38509 [2024-08-03 03:28:05.180] SDK target and group initialization complete.
MAPPING> TM_6307 [2024-08-03 03:28:05.181] DTM error log disabled. 
MAPPING> TE_7022 [2024-08-03 03:28:05.198] TShmWriter: Initialized
MAPPING> DBG_21693 [2024-08-03 03:28:05.205] SRT_JoinDimNbRequirementRef_Srt1: Cache size for partition [1] = [1073741824]
MAPPING> SORT_40419 [2024-08-03 03:28:05.425] For Transformation [SRT_JoinDimNbRequirementRef_Srt1], memory used is [1073741824] bytes and row size is 272 bytes.
MAPPING> DBG_21693 [2024-08-03 03:28:05.446] SRT_JoinRequirementTbl_Srt0: Cache size for partition [1] = [1073741824]
MAPPING> SORT_40419 [2024-08-03 03:28:05.627] For Transformation [SRT_JoinRequirementTbl_Srt0], memory used is [1073741824] bytes and row size is 180 bytes.
MAPPING> DBG_21693 [2024-08-03 03:28:05.655] SRT_JoinRequirementTbl_Srt1: Cache size for partition [1] = [1073741824]
MAPPING> SORT_40419 [2024-08-03 03:28:05.834] For Transformation [SRT_JoinRequirementTbl_Srt1], memory used is [1073741824] bytes and row size is 2188 bytes.
MAPPING> DBG_21694 [2024-08-03 03:28:05.855] JNR_JoinRequirementTbl Partition [0]: Index cache size = [89478485], Data cache size = [178956970]
MAPPING> TT_11098 [2024-08-03 03:28:05.855] The Joiner transformation [JNR_JoinRequirementTbl] is configured with the join algorithm: Sorted-Merge.
MAPPING> DBG_21077 [2024-08-03 03:28:05.855] Create joiner cache on master relation : (Sat Aug 03 03:28:05 2024)
MAPPING> CMN_1690 [2024-08-03 03:28:05.907] Created new data file [/data/EDM_Agency/Cache//PMJNR1633844774_18_0.dat] and index file [/data/EDM_Agency/Cache//PMJNR1633844774_18_0.idx] for Joiner [JNR_JoinRequirementTbl].
MAPPING> DBG_21603 [2024-08-03 03:28:05.907] Open master relation cache for detail joiner : (Sat Aug 03 03:28:05 2024)
MAPPING> DBG_21693 [2024-08-03 03:28:05.908] SRT_JoinDimNbRequirementRef_Srt0: Cache size for partition [1] = [1073741824]
MAPPING> SORT_40419 [2024-08-03 03:28:06.089] For Transformation [SRT_JoinDimNbRequirementRef_Srt0], memory used is [1073741824] bytes and row size is 2352 bytes.
MAPPING> DBG_21694 [2024-08-03 03:28:06.115] JNR_JoinDimNbRequirementRef Partition [0]: Index cache size = [89478485], Data cache size = [178956970]
MAPPING> TT_11098 [2024-08-03 03:28:06.115] The Joiner transformation [JNR_JoinDimNbRequirementRef] is configured with the join algorithm: Sorted-Merge.
MAPPING> DBG_21077 [2024-08-03 03:28:06.116] Create joiner cache on master relation : (Sat Aug 03 03:28:06 2024)
MAPPING> CMN_1690 [2024-08-03 03:28:06.166] Created new data file [/data/EDM_Agency/Cache//PMJNR1633844774_20_0.dat] and index file [/data/EDM_Agency/Cache//PMJNR1633844774_20_0.idx] for Joiner [JNR_JoinDimNbRequirementRef].
MAPPING> DBG_21603 [2024-08-03 03:28:06.166] Open master relation cache for detail joiner : (Sat Aug 03 03:28:06 2024)
MAPPING> TM_6007 [2024-08-03 03:28:06.281] DTM initialized successfully for session [s_mtt_01CAKB0Z000000000BFW]
DIRECTOR> PETL_24033 [2024-08-03 03:28:06.281] All DTM Connection Info: [<NONE>].
MANAGER> PETL_24004 [2024-08-03 03:28:06.282] Starting pre-session tasks. : (Sat Aug 03 03:28:06 2024)
PRE-SESS> PETL_24091 [2024-08-03 03:28:06.282] Thread [PRE-SESS] has the ID [4].
MANAGER> PETL_24027 [2024-08-03 03:28:06.284] Pre-session task completed successfully. : (Sat Aug 03 03:28:06 2024)
DIRECTOR> PETL_24006 [2024-08-03 03:28:06.285] Starting data movement.
MAPPING> TM_6966 [2024-08-03 03:28:06.285] Reducing estimate of the amount of buffer pool memory required for high performance.
MAPPING> TM_6660 [2024-08-03 03:28:06.285] Total Buffer Pool size is 1073741824 bytes and Block size is 15728640 bytes.
MAPPING> CONNECTOR_10000 [2024-08-03 03:28:06.345] [INFO] The source or cached lookup object at runtime is overridden with the parameter name = INFARS_CUSTOM_SCHEMA table name = INFARS_CUSTOM_SCHEMA.
MAPPING> CONNECTOR_10000 [2024-08-03 03:28:06.391] [INFO] The source or cached lookup object at runtime is overridden with the parameter name = INFARS_CUSTOM_SCHEMA table name = INFARS_CUSTOM_SCHEMA.
MAPPING> CONNECTOR_10000 [2024-08-03 03:28:06.452] [INFO] The source or cached lookup object at runtime is overridden with the parameter name = fact_nb_declaration_detail_declaration2 table name = fact_nb_declaration_detail_declaration2.
MAPPING> CONNECTOR_10000 [2024-08-03 03:28:06.510] [INFO] The source or cached lookup object at runtime is overridden with the parameter name = fact_nb_declaration_detail_declaration1 table name = fact_nb_declaration_detail_declaration1.
READER_1_1_1> PETL_24091 [2024-08-03 03:28:06.531] Thread [READER_1_1_1] has the ID [5].
READER_1_1_1> CONNECTOR_10000 [2024-08-03 03:28:07.244] [INFO] Normal Mode (Non-Bulk Processing) is enabled to Read data
READER_1_1_1> AMAZONREDSHIFT_10000 [2024-08-03 03:28:09.193] [INFO] The S3 bucket name for staging the data during the read operation is nyl-datawarehouse-dev-rs-temp-20230120223907439400000003/rs-idmc-temp/.
READER_1_1_1> AMAZONREDSHIFT_10000 [2024-08-03 03:28:09.194] [INFO] The value of Enable Compression is set to true.
READER_1_1_1> AMAZONREDSHIFT_10000 [2024-08-03 03:28:09.194] [INFO] The value of the S3 Client Encryption is set to false.
READER_1_1_1> AMAZONREDSHIFT_10000 [2024-08-03 03:28:09.195] [INFO] Unload Options ADDQUOTES : 
READER_1_1_1> AMAZONREDSHIFT_10000 [2024-08-03 03:28:09.195] [INFO] Unload Options PARALLEL : ON
READER_1_1_1> AMAZONREDSHIFT_10000 [2024-08-03 03:28:09.195] [INFO] Unload Options ESCAPE : 
READER_1_1_1> AMAZONREDSHIFT_10000 [2024-08-03 03:28:09.197] [INFO] Temporary Credentials valid for [21,600] seconds will be used.
READER_1_1_1> AMAZONREDSHIFT_10000 [2024-08-03 03:28:09.271] [INFO] Encryption Type : None
READER_1_1_1> AMAZONREDSHIFT_10000 [2024-08-03 03:28:09.272] [INFO] S3 Client Encryption : false
READER_1_1_1> AMAZONREDSHIFT_10000 [2024-08-03 03:28:09.272] [INFO] S3 Server Side Encryption : false
READER_1_1_1> AMAZONREDSHIFT_10000 [2024-08-03 03:28:09.272] [INFO] The Encryption type honored is : NONE
READER_1_1_1> AMAZONREDSHIFT_10000 [2024-08-03 03:28:12.204] [INFO] The local staging directory location is set to /data/EDM_Agency/Cache/.
READER_1_1_1> AMAZONREDSHIFT_10000 [2024-08-03 03:28:12.206] [INFO] The value of Download S3 Files In Multiple Parts is set to true.
READER_1_1_1> AMAZONREDSHIFT_10000 [2024-08-03 03:28:12.206] [INFO] The Multipart Download Threshold size of an object is set as 5,242,880 bytes.
READER_1_1_1> AMAZONREDSHIFT_10000 [2024-08-03 03:28:12.218] [INFO] Staging dir location: /data/EDM_Agency/Cache//InfaRedshiftStaging0008030328122098760
READER_1_1_1> AMAZONREDSHIFT_10000 [2024-08-03 03:28:12.220] [INFO] Total time taken for staging: 0.0 sec.
TRANSF_1_1_1> PETL_24091 [2024-08-03 03:28:12.237] Thread [TRANSF_1_1_1] has the ID [6].
READER_1_2_1> PETL_24091 [2024-08-03 03:28:12.239] Thread [READER_1_2_1] has the ID [7].
READER_1_2_1> CONNECTOR_10000 [2024-08-03 03:28:12.301] [INFO] Normal Mode (Non-Bulk Processing) is enabled to Read data
READER_1_2_1> AMAZONREDSHIFT_10000 [2024-08-03 03:28:12.525] [INFO] The S3 bucket name for staging the data during the read operation is nyl-datawarehouse-dev-rs-temp-20230120223907439400000003/rs-idmc-temp/.
READER_1_2_1> AMAZONREDSHIFT_10000 [2024-08-03 03:28:12.525] [INFO] The value of Enable Compression is set to true.
READER_1_2_1> AMAZONREDSHIFT_10000 [2024-08-03 03:28:12.525] [INFO] The value of the S3 Client Encryption is set to false.
READER_1_2_1> AMAZONREDSHIFT_10000 [2024-08-03 03:28:12.525] [INFO] Unload Options ADDQUOTES : 
READER_1_2_1> AMAZONREDSHIFT_10000 [2024-08-03 03:28:12.525] [INFO] Unload Options PARALLEL : ON
READER_1_2_1> AMAZONREDSHIFT_10000 [2024-08-03 03:28:12.525] [INFO] Unload Options ESCAPE : 
READER_1_2_1> AMAZONREDSHIFT_10000 [2024-08-03 03:28:12.525] [INFO] Temporary Credentials valid for [21,600] seconds will be used.
READER_1_2_1> AMAZONREDSHIFT_10000 [2024-08-03 03:28:12.596] [INFO] Encryption Type : None
READER_1_2_1> AMAZONREDSHIFT_10000 [2024-08-03 03:28:12.597] [INFO] S3 Client Encryption : false
READER_1_2_1> AMAZONREDSHIFT_10000 [2024-08-03 03:28:12.597] [INFO] S3 Server Side Encryption : false
READER_1_2_1> AMAZONREDSHIFT_10000 [2024-08-03 03:28:12.597] [INFO] The Encryption type honored is : NONE
READER_1_2_1> AMAZONREDSHIFT_10000 [2024-08-03 03:28:15.591] [INFO] The local staging directory location is set to /data/EDM_Agency/Cache/.
READER_1_2_1> AMAZONREDSHIFT_10000 [2024-08-03 03:28:15.593] [INFO] The value of Download S3 Files In Multiple Parts is set to true.
READER_1_2_1> AMAZONREDSHIFT_10000 [2024-08-03 03:28:15.593] [INFO] The Multipart Download Threshold size of an object is set as 5,242,880 bytes.
READER_1_2_1> AMAZONREDSHIFT_10000 [2024-08-03 03:28:15.605] [INFO] Staging dir location: /data/EDM_Agency/Cache//InfaRedshiftStaging0008030328155944770
READER_1_2_1> AMAZONREDSHIFT_10000 [2024-08-03 03:28:15.607] [INFO] Total time taken for staging: 0.0 sec.
TRANSF_1_2_1> PETL_24091 [2024-08-03 03:28:15.629] Thread [TRANSF_1_2_1] has the ID [8].
READER_1_3_1> PETL_24091 [2024-08-03 03:28:15.629] Thread [READER_1_3_1] has the ID [9].
READER_1_3_1> CONNECTOR_10000 [2024-08-03 03:28:15.670] [INFO] Normal Mode (Non-Bulk Processing) is enabled to Read data
READER_1_3_1> AMAZONREDSHIFT_10000 [2024-08-03 03:28:15.892] [INFO] The overridden source schema name value is pdm_conv.
READER_1_3_1> AMAZONREDSHIFT_10000 [2024-08-03 03:28:15.892] [INFO] The overridden source table name value is fact_nb_declaration_detail_declaration2.
READER_1_3_1> AMAZONREDSHIFT_10000 [2024-08-03 03:28:15.892] [INFO] The S3 bucket name for staging the data during the read operation is nyl-datawarehouse-dev-rs-temp-20230120223907439400000003/rs-idmc-temp/.
READER_1_3_1> AMAZONREDSHIFT_10000 [2024-08-03 03:28:15.892] [INFO] The value of Enable Compression is set to true.
READER_1_3_1> AMAZONREDSHIFT_10000 [2024-08-03 03:28:15.892] [INFO] The value of the S3 Client Encryption is set to false.
READER_1_3_1> AMAZONREDSHIFT_10000 [2024-08-03 03:28:15.892] [INFO] Unload Options ADDQUOTES : 
READER_1_3_1> AMAZONREDSHIFT_10000 [2024-08-03 03:28:15.892] [INFO] Unload Options PARALLEL : ON
READER_1_3_1> AMAZONREDSHIFT_10000 [2024-08-03 03:28:15.892] [INFO] Unload Options ESCAPE : 
READER_1_3_1> AMAZONREDSHIFT_10000 [2024-08-03 03:28:15.892] [INFO] Temporary Credentials valid for [21,600] seconds will be used.
READER_1_3_1> AMAZONREDSHIFT_10000 [2024-08-03 03:28:15.973] [INFO] Encryption Type : None
READER_1_3_1> AMAZONREDSHIFT_10000 [2024-08-03 03:28:15.974] [INFO] S3 Client Encryption : false
READER_1_3_1> AMAZONREDSHIFT_10000 [2024-08-03 03:28:15.974] [INFO] S3 Server Side Encryption : false
READER_1_3_1> AMAZONREDSHIFT_10000 [2024-08-03 03:28:15.974] [INFO] The Encryption type honored is : NONE
READER_1_3_1> AMAZONREDSHIFT_10000 [2024-08-03 03:28:18.957] [INFO] The local staging directory location is set to /data/EDM_Agency/Cache/.
READER_1_3_1> AMAZONREDSHIFT_10000 [2024-08-03 03:28:18.958] [INFO] The value of Download S3 Files In Multiple Parts is set to true.
READER_1_3_1> AMAZONREDSHIFT_10000 [2024-08-03 03:28:18.959] [INFO] The Multipart Download Threshold size of an object is set as 5,242,880 bytes.
READER_1_3_1> AMAZONREDSHIFT_10000 [2024-08-03 03:28:18.970] [INFO] Staging dir location: /data/EDM_Agency/Cache//InfaRedshiftStaging000803032818960740
READER_1_3_1> AMAZONREDSHIFT_10000 [2024-08-03 03:28:18.970] [INFO] Total time taken for staging: 0.0 sec.
TRANSF_1_3_1> PETL_24091 [2024-08-03 03:28:18.973] Thread [TRANSF_1_3_1] has the ID [10].
READER_1_4_1> PETL_24091 [2024-08-03 03:28:18.974] Thread [READER_1_4_1] has the ID [11].
READER_1_4_1> CONNECTOR_10000 [2024-08-03 03:28:19.039] [INFO] Normal Mode (Non-Bulk Processing) is enabled to Read data
READER_1_4_1> AMAZONREDSHIFT_10000 [2024-08-03 03:28:19.258] [INFO] The overridden source schema name value is pdm_conv.
READER_1_4_1> AMAZONREDSHIFT_10000 [2024-08-03 03:28:19.259] [INFO] The overridden source table name value is fact_nb_declaration_detail_declaration1.
READER_1_4_1> AMAZONREDSHIFT_10000 [2024-08-03 03:28:19.259] [INFO] The S3 bucket name for staging the data during the read operation is nyl-datawarehouse-dev-rs-temp-20230120223907439400000003/rs-idmc-temp/.
READER_1_4_1> AMAZONREDSHIFT_10000 [2024-08-03 03:28:19.259] [INFO] The value of Enable Compression is set to true.
READER_1_4_1> AMAZONREDSHIFT_10000 [2024-08-03 03:28:19.259] [INFO] The value of the S3 Client Encryption is set to false.
READER_1_4_1> AMAZONREDSHIFT_10000 [2024-08-03 03:28:19.259] [INFO] Unload Options ADDQUOTES : 
READER_1_4_1> AMAZONREDSHIFT_10000 [2024-08-03 03:28:19.259] [INFO] Unload Options PARALLEL : ON
READER_1_4_1> AMAZONREDSHIFT_10000 [2024-08-03 03:28:19.259] [INFO] Unload Options ESCAPE : 
READER_1_4_1> AMAZONREDSHIFT_10000 [2024-08-03 03:28:19.259] [INFO] Temporary Credentials valid for [21,600] seconds will be used.
READER_1_4_1> AMAZONREDSHIFT_10000 [2024-08-03 03:28:19.336] [INFO] Encryption Type : None
READER_1_4_1> AMAZONREDSHIFT_10000 [2024-08-03 03:28:19.336] [INFO] S3 Client Encryption : false
READER_1_4_1> AMAZONREDSHIFT_10000 [2024-08-03 03:28:19.336] [INFO] S3 Server Side Encryption : false
READER_1_4_1> AMAZONREDSHIFT_10000 [2024-08-03 03:28:19.336] [INFO] The Encryption type honored is : NONE
READER_1_4_1> AMAZONREDSHIFT_10000 [2024-08-03 03:28:22.599] [INFO] The local staging directory location is set to /data/EDM_Agency/Cache/.
READER_1_4_1> AMAZONREDSHIFT_10000 [2024-08-03 03:28:22.600] [INFO] The value of Download S3 Files In Multiple Parts is set to true.
READER_1_4_1> AMAZONREDSHIFT_10000 [2024-08-03 03:28:22.601] [INFO] The Multipart Download Threshold size of an object is set as 5,242,880 bytes.
READER_1_4_1> AMAZONREDSHIFT_10000 [2024-08-03 03:28:22.609] [INFO] Staging dir location: /data/EDM_Agency/Cache//InfaRedshiftStaging0008030328226017180
READER_1_4_1> AMAZONREDSHIFT_10000 [2024-08-03 03:28:22.610] [INFO] Total time taken for staging: 0.0 sec.
TRANSF_1_4_1> PETL_24091 [2024-08-03 03:28:22.613] Thread [TRANSF_1_4_1] has the ID [12].
TRANSF_1_5_1> PETL_24091 [2024-08-03 03:28:22.614] Thread [TRANSF_1_5_1] has the ID [13].
TRANSF_1_5_1> CONNECTOR_10000 [2024-08-03 03:28:22.833] [INFO] The uncached lookup object at runtime is overridden with the parameter name = INFARS_CUSTOM_SCHEMA table name = INFARS_CUSTOM_SCHEMA.
TRANSF_1_5_1> CONNECTOR_10000 [2024-08-03 03:28:22.834] [INFO] The S3 bucket name for staging the data during the read operation is nyl-datawarehouse-dev-rs-temp-20230120223907439400000003/rs-idmc-temp/.
TRANSF_1_5_1> CONNECTOR_10000 [2024-08-03 03:28:22.834] [INFO] The value of Enable Compression is set to true.
TRANSF_1_5_1> CONNECTOR_10000 [2024-08-03 03:28:22.834] [INFO] The value of the S3 Client Encryption is set to false.
TRANSF_1_5_1> CONNECTOR_10000 [2024-08-03 03:28:22.835] [INFO] Unload Options ADDQUOTES : 
TRANSF_1_5_1> CONNECTOR_10000 [2024-08-03 03:28:22.835] [INFO] Unload Options PARALLEL : ON
TRANSF_1_5_1> CONNECTOR_10000 [2024-08-03 03:28:22.835] [INFO] Unload Options ESCAPE : 
TRANSF_1_5_1> CONNECTOR_10000 [2024-08-03 03:28:22.835] [INFO] Temporary Credentials valid for [21,600] seconds will be used.
TRANSF_1_5_1> CONNECTOR_10000 [2024-08-03 03:28:22.891] [INFO] Encryption Type : None
TRANSF_1_5_1> CONNECTOR_10000 [2024-08-03 03:28:22.891] [INFO] S3 Client Encryption : false
TRANSF_1_5_1> CONNECTOR_10000 [2024-08-03 03:28:22.891] [INFO] S3 Server Side Encryption : false
TRANSF_1_5_1> CONNECTOR_10000 [2024-08-03 03:28:22.891] [INFO] The Encryption type honored is : NONE
TRANSF_1_5_1> CONNECTOR_10000 [2024-08-03 03:28:26.225] [INFO] The local staging directory location is set to /data/EDM_Agency/Cache/.
TRANSF_1_5_1> CONNECTOR_10000 [2024-08-03 03:28:26.227] [INFO] The value of Download S3 Files In Multiple Parts is set to true.
TRANSF_1_5_1> CONNECTOR_10000 [2024-08-03 03:28:26.227] [INFO] The Multipart Download Threshold size of an object is set as 5,242,880 bytes.
TRANSF_1_5_1> CONNECTOR_10000 [2024-08-03 03:28:26.238] [INFO] Staging dir location: /data/EDM_Agency/Cache//InfaRedshiftStaging000803032826228120
TRANSF_1_7_1> PETL_24091 [2024-08-03 03:28:26.240] Thread [TRANSF_1_7_1] has the ID [14].
WRITER_1_*_1> PETL_24091 [2024-08-03 03:28:26.243] Thread [WRITER_1_*_1] has the ID [15].
WRITER_1_*_1> CONNECTOR_10000 [2024-08-03 03:28:26.253] [INFO] Normal Mode (Non-Bulk Processing) is enabled to Write data
WRITER_1_*_1> AMAZONREDSHIFT_10000 [2024-08-03 03:28:26.500] [INFO] Truncate table required : false
WRITER_1_*_1> AMAZONREDSHIFT_10000 [2024-08-03 03:28:26.500] [INFO] Write operation selected [TreatSourceRowAs]  : INSERT
WRITER_1_*_1> AMAZONREDSHIFT_10000 [2024-08-03 03:28:26.500] [INFO] Writer Bucket name : nyl-datawarehouse-dev-rs-temp-20230120223907439400000003/rs-idmc-temp/
WRITER_1_*_1> AMAZONREDSHIFT_10000 [2024-08-03 03:28:26.500] [INFO] Use Null value for Char types : ''
WRITER_1_*_1> AMAZONREDSHIFT_10000 [2024-08-03 03:28:26.500] [INFO] Max errors per batch : 1
WRITER_1_*_1> AMAZONREDSHIFT_10000 [2024-08-03 03:28:26.500] [INFO] Compression Enabled : true
WRITER_1_*_1> AMAZONREDSHIFT_10000 [2024-08-03 03:28:26.500] [INFO] Server side encryption enabled : false
WRITER_1_*_1> AMAZONREDSHIFT_10000 [2024-08-03 03:28:26.500] [INFO] Client side encryption enabled : false
WRITER_1_*_1> AMAZONREDSHIFT_10000 [2024-08-03 03:28:26.500] [INFO] Vacuum option provided : None
WRITER_1_*_1> AMAZONREDSHIFT_10000 [2024-08-03 03:28:26.500] [INFO] Analyze target table  : false
WRITER_1_*_1> AMAZONREDSHIFT_10000 [2024-08-03 03:28:26.500] [INFO] Prefix to retain S3 files on staging dir  : 
WRITER_1_*_1> AMAZONREDSHIFT_10000 [2024-08-03 03:28:26.500] [INFO] Minimum upload part size  : 5242880
WRITER_1_*_1> AMAZONREDSHIFT_10000 [2024-08-03 03:28:26.500] [INFO] TransferManager Thead pool size  : 10
WRITER_1_*_1> AMAZONREDSHIFT_10000 [2024-08-03 03:28:26.501] [INFO] Overriden Table Name  : fact_nb_declaration_detail_declaration3_set1_2
WRITER_1_*_1> AMAZONREDSHIFT_10000 [2024-08-03 03:28:26.501] [INFO] Target Schema Name Attribute : pdm_conv
WRITER_1_*_1> AMAZONREDSHIFT_10000 [2024-08-03 03:28:26.501] [INFO] Copy Options TIMEFORMAT : 'MM/DD/YYYY HH24:MI:SS'
WRITER_1_*_1> AMAZONREDSHIFT_10000 [2024-08-03 03:28:26.501] [INFO] Temporary Credentials valid for [21,600] seconds will be used.
WRITER_1_*_1> AMAZONREDSHIFT_10000 [2024-08-03 03:28:26.556] [INFO] S3 Consistency wait period : 0
WRITER_1_*_1> AMAZONREDSHIFT_10000 [2024-08-03 03:28:26.663] [INFO] Batch size 2000000
WRITER_1_*_1> AMAZONREDSHIFT_10000 [2024-08-03 03:28:26.665] [INFO] Staging dir location: /data/EDM_Agency/Cache/
WRITER_1_*_1> AMAZONREDSHIFT_10000 [2024-08-03 03:28:30.734] [INFO] Staging dir location: /data/EDM_Agency/Cache//InfaRedshiftStaging1108030328307264590
WRITER_1_*_1> CONNECTOR_10000 [2024-08-03 03:28:30.738] [INFO] Normal Mode (Non-Bulk Processing) is enabled to Write data
WRITER_1_*_1> AMAZONREDSHIFT_10000 [2024-08-03 03:28:30.954] [INFO] Truncate table required : false
WRITER_1_*_1> AMAZONREDSHIFT_10000 [2024-08-03 03:28:30.954] [INFO] Write operation selected [TreatSourceRowAs]  : INSERT
WRITER_1_*_1> AMAZONREDSHIFT_10000 [2024-08-03 03:28:30.954] [INFO] Writer Bucket name : nyl-datawarehouse-dev-rs-temp-20230120223907439400000003/rs-idmc-temp/
WRITER_1_*_1> AMAZONREDSHIFT_10000 [2024-08-03 03:28:30.954] [INFO] Use Null value for Char types : ''
WRITER_1_*_1> AMAZONREDSHIFT_10000 [2024-08-03 03:28:30.954] [INFO] Max errors per batch : 1
WRITER_1_*_1> AMAZONREDSHIFT_10000 [2024-08-03 03:28:30.954] [INFO] Compression Enabled : true
WRITER_1_*_1> AMAZONREDSHIFT_10000 [2024-08-03 03:28:30.954] [INFO] Server side encryption enabled : false
WRITER_1_*_1> AMAZONREDSHIFT_10000 [2024-08-03 03:28:30.954] [INFO] Client side encryption enabled : false
WRITER_1_*_1> AMAZONREDSHIFT_10000 [2024-08-03 03:28:30.954] [INFO] Vacuum option provided : None
WRITER_1_*_1> AMAZONREDSHIFT_10000 [2024-08-03 03:28:30.954] [INFO] Analyze target table  : false
WRITER_1_*_1> AMAZONREDSHIFT_10000 [2024-08-03 03:28:30.954] [INFO] Prefix to retain S3 files on staging dir  : 
WRITER_1_*_1> AMAZONREDSHIFT_10000 [2024-08-03 03:28:30.954] [INFO] Minimum upload part size  : 5242880
WRITER_1_*_1> AMAZONREDSHIFT_10000 [2024-08-03 03:28:30.954] [INFO] TransferManager Thead pool size  : 10
WRITER_1_*_1> AMAZONREDSHIFT_10000 [2024-08-03 03:28:30.954] [INFO] Overriden Table Name  : 
WRITER_1_*_1> AMAZONREDSHIFT_10000 [2024-08-03 03:28:30.954] [INFO] Target Schema Name Attribute : pdm_conv
WRITER_1_*_1> AMAZONREDSHIFT_10000 [2024-08-03 03:28:30.954] [INFO] Copy Options TIMEFORMAT : 'MM/DD/YYYY HH24:MI:SS'
WRITER_1_*_1> AMAZONREDSHIFT_10000 [2024-08-03 03:28:30.954] [INFO] Temporary Credentials valid for [21,600] seconds will be used.
WRITER_1_*_1> AMAZONREDSHIFT_10000 [2024-08-03 03:28:31.017] [INFO] S3 Consistency wait period : 0
WRITER_1_*_1> AMAZONREDSHIFT_10000 [2024-08-03 03:28:31.120] [INFO] Batch size 2000000
WRITER_1_*_1> AMAZONREDSHIFT_10000 [2024-08-03 03:28:31.122] [INFO] Staging dir location: /data/EDM_Agency/Cache/
WRITER_1_*_1> AMAZONREDSHIFT_10000 [2024-08-03 03:28:35.142] [INFO] Staging dir location: /data/EDM_Agency/Cache//InfaRedshiftStaging1108030328351364770
WRITER_1_*_1> CONNECTOR_10000 [2024-08-03 03:28:35.146] [INFO] Normal Mode (Non-Bulk Processing) is enabled to Write data
WRITER_1_*_1> AMAZONREDSHIFT_10000 [2024-08-03 03:28:35.369] [INFO] Truncate table required : false
WRITER_1_*_1> AMAZONREDSHIFT_10000 [2024-08-03 03:28:35.369] [INFO] Write operation selected [TreatSourceRowAs]  : INSERT
WRITER_1_*_1> AMAZONREDSHIFT_10000 [2024-08-03 03:28:35.369] [INFO] Writer Bucket name : nyl-datawarehouse-dev-rs-temp-20230120223907439400000003/rs-idmc-temp/
WRITER_1_*_1> AMAZONREDSHIFT_10000 [2024-08-03 03:28:35.369] [INFO] Use Null value for Char types : ''
WRITER_1_*_1> AMAZONREDSHIFT_10000 [2024-08-03 03:28:35.369] [INFO] Max errors per batch : 1
WRITER_1_*_1> AMAZONREDSHIFT_10000 [2024-08-03 03:28:35.369] [INFO] Compression Enabled : true
WRITER_1_*_1> AMAZONREDSHIFT_10000 [2024-08-03 03:28:35.369] [INFO] Server side encryption enabled : false
WRITER_1_*_1> AMAZONREDSHIFT_10000 [2024-08-03 03:28:35.369] [INFO] Client side encryption enabled : false
WRITER_1_*_1> AMAZONREDSHIFT_10000 [2024-08-03 03:28:35.369] [INFO] Vacuum option provided : None
WRITER_1_*_1> AMAZONREDSHIFT_10000 [2024-08-03 03:28:35.369] [INFO] Analyze target table  : false
WRITER_1_*_1> AMAZONREDSHIFT_10000 [2024-08-03 03:28:35.369] [INFO] Prefix to retain S3 files on staging dir  : 
WRITER_1_*_1> AMAZONREDSHIFT_10000 [2024-08-03 03:28:35.369] [INFO] Minimum upload part size  : 5242880
WRITER_1_*_1> AMAZONREDSHIFT_10000 [2024-08-03 03:28:35.369] [INFO] TransferManager Thead pool size  : 10
WRITER_1_*_1> AMAZONREDSHIFT_10000 [2024-08-03 03:28:35.369] [INFO] Overriden Table Name  : 
WRITER_1_*_1> AMAZONREDSHIFT_10000 [2024-08-03 03:28:35.369] [INFO] Target Schema Name Attribute : pdm_conv
WRITER_1_*_1> AMAZONREDSHIFT_10000 [2024-08-03 03:28:35.369] [INFO] Copy Options TIMEFORMAT : 'MM/DD/YYYY HH24:MI:SS'
WRITER_1_*_1> AMAZONREDSHIFT_10000 [2024-08-03 03:28:35.370] [INFO] Temporary Credentials valid for [21,600] seconds will be used.
WRITER_1_*_1> AMAZONREDSHIFT_10000 [2024-08-03 03:28:35.431] [INFO] S3 Consistency wait period : 0
WRITER_1_*_1> AMAZONREDSHIFT_10000 [2024-08-03 03:28:35.730] [INFO] Batch size 2000000
WRITER_1_*_1> AMAZONREDSHIFT_10000 [2024-08-03 03:28:35.732] [INFO] Staging dir location: /data/EDM_Agency/Cache/
WRITER_1_*_1> AMAZONREDSHIFT_10000 [2024-08-03 03:28:39.639] [INFO] Staging dir location: /data/EDM_Agency/Cache//InfaRedshiftStaging1108030328396308740
WRITER_1_*_1> WRT_8270 [2024-08-03 03:28:39.640] Target connection group #1 consists of target(s) [fact_nb_declaration_detail_declaration3_set1_2: Partition 1]
WRITER_1_*_1> WRT_8270 [2024-08-03 03:28:39.640] Target connection group #2 consists of target(s) [fact_nb_declaration_detail_declaration3_set1_3: Partition 1]
WRITER_1_*_1> WRT_8270 [2024-08-03 03:28:39.640] Target connection group #3 consists of target(s) [fact_nb_declaration_detail_declaration3_set1_1: Partition 1]
WRITER_1_*_1> WRT_8003 [2024-08-03 03:28:39.641] Writer initialization complete.
WRITER_1_*_1> WRT_8005 [2024-08-03 03:28:39.642] Writer run started.
WRITER_1_*_1> WRT_8158 [2024-08-03 03:28:39.643] 

*****START LOAD SESSION*****

Load Start Time: Sat Aug 03 03:28:38 2024

Target tables:

     fact_nb_declaration_detail_declaration3_set1_2: Partition 1
     fact_nb_declaration_detail_declaration3_set1_3: Partition 1
     fact_nb_declaration_detail_declaration3_set1_1: Partition 1


READER_1_1_1> AMAZONREDSHIFT_10000 [2024-08-03 03:28:39.664] [INFO] 
/* partner: Informatica -v 2.0 */
unload ('select 
	reqr_ref_id_nk reqmntid_ref,
	dim_nb_requirement_ref_sk,
	trim(reqr_cd) reqr_cd,ent_ref_cd
from pdm.dim_nb_requirement_ref where dim_nb_requirement_ref_sk not in (-97,-98,-99) and edh_updated_batch_key is null and edh_record_status_in in (\'A\',\'D\') and src_sys_nm_nk=\'NB21\'') 
 TO 's3://nyl-datawarehouse-dev-rs-temp-20230120223907439400000003/rs-idmc-temp/6f443290-5377-4616-a285-bb1c287891350017226700922066707371684077181162715/INFARS_CUSTOM_SCHEMA_' 
credentials 'aws_access_key_id=********;aws_secret_access_key=********;token=********' 
NULL ''
PARALLEL ON
DELIMITER '\036'
ADDQUOTES 
ESCAPE 
GZIP 

READER_1_2_1> AMAZONREDSHIFT_10000 [2024-08-03 03:28:39.664] [INFO] 
/* partner: Informatica -v 2.0 */
unload ('select 
reqmntid_ref,
cntrctid_ref,
trim(kvndrid_code) kvndrid_code,
trim(upper(requirement.kvndrid_code)) vendr_cd_nk,
kvndrid_ref, 
trim(upper(reqown_ent_name)) reqown_ent_name,
reqown_inst_ref cntrctid_ref_req, 
reqown_inst_ref,
trim(upper(owner_ent_name)) as owner_ent_name 
from ext_lake_oracle_orap12_nyldprod60cl.requirement where reqmntid_ref>999  and edh_record_status_in=\'A\'') 
 TO 's3://nyl-datawarehouse-dev-rs-temp-20230120223907439400000003/rs-idmc-temp/6f443290-5377-4616-a285-bb1c2878913500172267009559357952645038653841162719/INFARS_CUSTOM_SCHEMA_' 
credentials 'aws_access_key_id=********;aws_secret_access_key=********;token=********' 
NULL ''
PARALLEL ON
DELIMITER '\036'
ADDQUOTES 
ESCAPE 
GZIP 

READER_1_3_1> AMAZONREDSHIFT_10000 [2024-08-03 03:28:39.676] [INFO] 
/* partner: Informatica -v 2.0 */
unload ('SELECT "pdm_conv"."fact_nb_declaration_detail_declaration2"."reqmntid_ref","pdm_conv"."fact_nb_declaration_detail_declaration2"."signed_date","pdm_conv"."fact_nb_declaration_detail_declaration2"."countersign_code","pdm_conv"."fact_nb_declaration_detail_declaration2"."title_onbehalf","pdm_conv"."fact_nb_declaration_detail_declaration2"."signee_signed_decode","pdm_conv"."fact_nb_declaration_detail_declaration2"."signed_citytown","pdm_conv"."fact_nb_declaration_detail_declaration2"."kcountyid_code","pdm_conv"."fact_nb_declaration_detail_declaration2"."ksttrgid_code","pdm_conv"."fact_nb_declaration_detail_declaration2"."kcntryid_code","pdm_conv"."fact_nb_declaration_detail_declaration2"."status_code","pdm_conv"."fact_nb_declaration_detail_declaration2"."edh_record_status_in_reqd","pdm_conv"."fact_nb_declaration_detail_declaration2"."reqdecid_ref","pdm_conv"."fact_nb_declaration_detail_declaration2"."kirdsgid_ref","pdm_conv"."fact_nb_declaration_detail_declaration2"."status_ref_reqd","pdm_conv"."fact_nb_declaration_detail_declaration2"."prefixid_code","pdm_conv"."fact_nb_declaration_detail_declaration2"."pname_fname","pdm_conv"."fact_nb_declaration_detail_declaration2"."pname_mname","pdm_conv"."fact_nb_declaration_detail_declaration2"."pname_sname","pdm_conv"."fact_nb_declaration_detail_declaration2"."suffixid_code","pdm_conv"."fact_nb_declaration_detail_declaration2"."address_add1","pdm_conv"."fact_nb_declaration_detail_declaration2"."address_add2","pdm_conv"."fact_nb_declaration_detail_declaration2"."address_add3","pdm_conv"."fact_nb_declaration_detail_declaration2"."address_add4","pdm_conv"."fact_nb_declaration_detail_declaration2"."address_citytown","pdm_conv"."fact_nb_declaration_detail_declaration2"."d_kcountyid_code","pdm_conv"."fact_nb_declaration_detail_declaration2"."address_zip","pdm_conv"."fact_nb_declaration_detail_declaration2"."d_ksttrgid_code","pdm_conv"."fact_nb_declaration_detail_declaration2"."d_kcntryid_code","pdm_conv"."fact_nb_declaration_detail_declaration2"."examnr_company","pdm_conv"."fact_nb_declaration_detail_declaration2"."examnr_id","pdm_conv"."fact_nb_declaration_detail_declaration2"."examnr_details","pdm_conv"."fact_nb_declaration_detail_declaration2"."examnr_appdstat_decode","pdm_conv"."fact_nb_declaration_detail_declaration2"."edh_record_status_in_dec","pdm_conv"."fact_nb_declaration_detail_declaration2"."status_ref_dec","pdm_conv"."fact_nb_declaration_detail_declaration2"."kirdsgid_code","pdm_conv"."fact_nb_declaration_detail_declaration2"."dim_nb_declaration_signee_sk","pdm_conv"."fact_nb_declaration_detail_declaration2"."decl_signee_cd_nk" FROM "pdm_conv"."fact_nb_declaration_detail_declaration2" ') 
 TO 's3://nyl-datawarehouse-dev-rs-temp-20230120223907439400000003/rs-idmc-temp/6f443290-5377-4616-a285-bb1c28789135001722670098959395065187963023371162721/fact_nb_declaration_detail_declaration2_' 
credentials 'aws_access_key_id=********;aws_secret_access_key=********;token=********' 
NULL ''
PARALLEL ON
DELIMITER '\036'
ADDQUOTES 
ESCAPE 
GZIP 

READER_1_4_1> AMAZONREDSHIFT_10000 [2024-08-03 03:28:39.676] [INFO] 
/* partner: Informatica -v 2.0 */
unload ('SELECT "pdm_conv"."fact_nb_declaration_detail_declaration1"."reqmntid_ref","pdm_conv"."fact_nb_declaration_detail_declaration1"."signed_date","pdm_conv"."fact_nb_declaration_detail_declaration1"."countersign_code","pdm_conv"."fact_nb_declaration_detail_declaration1"."title_onbehalf","pdm_conv"."fact_nb_declaration_detail_declaration1"."signee_signed_decode","pdm_conv"."fact_nb_declaration_detail_declaration1"."signed_citytown","pdm_conv"."fact_nb_declaration_detail_declaration1"."kcountyid_code","pdm_conv"."fact_nb_declaration_detail_declaration1"."ksttrgid_code","pdm_conv"."fact_nb_declaration_detail_declaration1"."kcntryid_code","pdm_conv"."fact_nb_declaration_detail_declaration1"."status_code","pdm_conv"."fact_nb_declaration_detail_declaration1"."edh_record_status_in_reqd","pdm_conv"."fact_nb_declaration_detail_declaration1"."reqdecid_ref","pdm_conv"."fact_nb_declaration_detail_declaration1"."kirdsgid_ref","pdm_conv"."fact_nb_declaration_detail_declaration1"."status_ref_reqd","pdm_conv"."fact_nb_declaration_detail_declaration1"."prefixid_code","pdm_conv"."fact_nb_declaration_detail_declaration1"."pname_fname","pdm_conv"."fact_nb_declaration_detail_declaration1"."pname_mname","pdm_conv"."fact_nb_declaration_detail_declaration1"."pname_sname","pdm_conv"."fact_nb_declaration_detail_declaration1"."suffixid_code","pdm_conv"."fact_nb_declaration_detail_declaration1"."address_add1","pdm_conv"."fact_nb_declaration_detail_declaration1"."address_add2","pdm_conv"."fact_nb_declaration_detail_declaration1"."address_add3","pdm_conv"."fact_nb_declaration_detail_declaration1"."address_add4","pdm_conv"."fact_nb_declaration_detail_declaration1"."address_citytown","pdm_conv"."fact_nb_declaration_detail_declaration1"."d_kcountyid_code","pdm_conv"."fact_nb_declaration_detail_declaration1"."address_zip","pdm_conv"."fact_nb_declaration_detail_declaration1"."d_ksttrgid_code","pdm_conv"."fact_nb_declaration_detail_declaration1"."d_kcntryid_code","pdm_conv"."fact_nb_declaration_detail_declaration1"."examnr_company","pdm_conv"."fact_nb_declaration_detail_declaration1"."examnr_id","pdm_conv"."fact_nb_declaration_detail_declaration1"."examnr_details","pdm_conv"."fact_nb_declaration_detail_declaration1"."examnr_appdstat_decode","pdm_conv"."fact_nb_declaration_detail_declaration1"."edh_record_status_in_dec","pdm_conv"."fact_nb_declaration_detail_declaration1"."status_ref_dec","pdm_conv"."fact_nb_declaration_detail_declaration1"."kirdsgid_code","pdm_conv"."fact_nb_declaration_detail_declaration1"."dim_nb_declaration_signee_sk","pdm_conv"."fact_nb_declaration_detail_declaration1"."decl_signee_cd_nk" FROM "pdm_conv"."fact_nb_declaration_detail_declaration1" ') 
 TO 's3://nyl-datawarehouse-dev-rs-temp-20230120223907439400000003/rs-idmc-temp/6f443290-5377-4616-a285-bb1c2878913500172267010260182815775696132011162723/fact_nb_declaration_detail_declaration1_' 
credentials 'aws_access_key_id=********;aws_secret_access_key=********;token=********' 
NULL ''
PARALLEL ON
DELIMITER '\036'
ADDQUOTES 
ESCAPE 
GZIP 

READER_1_2_1> AMAZONREDSHIFT_10000 [2024-08-03 03:28:57.350] [WARNING] UNLOAD Warning ..
READER_1_2_1> AMAZONREDSHIFT_10000 [2024-08-03 03:28:57.350] [INFO] UNLOAD command successfully completed.
READER_1_2_1> AMAZONREDSHIFT_10000 [2024-08-03 03:28:57.350] [INFO]  Total time elapsed  17.0
READER_1_2_1> AMAZONREDSHIFT_10000 [2024-08-03 03:28:59.794] [INFO] The total time taken to download the 8 file from Amazon S3 is 2 seconds.
TRANSF_1_2_1> SORT_40420 [2024-08-03 03:29:01.811] Start of input for Transformation [SRT_JoinRequirementTbl_Srt0]. : (Sat Aug 03 03:29:01 2024)
READER_1_1_1> AMAZONREDSHIFT_10000 [2024-08-03 03:29:05.092] [WARNING] UNLOAD Warning ..
READER_1_1_1> AMAZONREDSHIFT_10000 [2024-08-03 03:29:05.092] [INFO] UNLOAD command successfully completed.
READER_1_1_1> AMAZONREDSHIFT_10000 [2024-08-03 03:29:05.092] [INFO]  Total time elapsed  25.0
READER_1_4_1> AMAZONREDSHIFT_10000 [2024-08-03 03:29:20.656] [WARNING] UNLOAD Warning ..
READER_1_4_1> AMAZONREDSHIFT_10000 [2024-08-03 03:29:20.656] [INFO] UNLOAD command successfully completed.
READER_1_4_1> AMAZONREDSHIFT_10000 [2024-08-03 03:29:20.656] [INFO]  Total time elapsed  40.0
READER_1_3_1> AMAZONREDSHIFT_10000 [2024-08-03 03:29:33.840] [WARNING] UNLOAD Warning ..
READER_1_3_1> AMAZONREDSHIFT_10000 [2024-08-03 03:29:33.842] [INFO] UNLOAD command successfully completed.
READER_1_3_1> AMAZONREDSHIFT_10000 [2024-08-03 03:29:33.842] [INFO]  Total time elapsed  54.0
READER_1_1_1> AMAZONREDSHIFT_10000 [2024-08-03 03:30:01.508] [INFO] The total time taken to download the 8 file from Amazon S3 is 56 seconds.
TRANSF_1_1_1> SORT_40420 [2024-08-03 03:30:04.601] Start of input for Transformation [SRT_JoinDimNbRequirementRef_Srt1]. : (Sat Aug 03 03:30:04 2024)
READER_1_4_1> AMAZONREDSHIFT_10000 [2024-08-03 03:30:50.389] [INFO] The total time taken to download the 8 file from Amazon S3 is 89 seconds.
TRANSF_1_7_1> SORT_40420 [2024-08-03 03:30:51.770] Start of input for Transformation [SRT_JoinRequirementTbl_Srt1]. : (Sat Aug 03 03:30:51 2024)
READER_1_3_1> AMAZONREDSHIFT_10000 [2024-08-03 03:31:15.899] [INFO] The total time taken to download the 8 file from Amazon S3 is 102 seconds.
READER_1_2_1> AMAZONREDSHIFT_10000 [2024-08-03 03:31:16.377] [INFO] The total time taken to read the files and push the data to the output buffer is 180.769 seconds.
TRANSF_1_2_1> SORT_40421 [2024-08-03 03:31:16.378] End of input for Transformation [SRT_JoinRequirementTbl_Srt0]. : (Sat Aug 03 03:31:16 2024)
READER_1_4_1> DBG_21699 [2024-08-03 03:33:01.979] Waiting for consumer to free buffer block. Please increase the dtm buffer pool size.
READER_1_4_1> AMAZONREDSHIFT_10000 [2024-08-03 03:44:45.440] [INFO] The total time taken to read the files and push the data to the output buffer is 982.829 seconds.
TRANSF_1_4_1> DBG_21216 [2024-08-03 03:44:45.441] Finished transformations for Source Qualifier [SRC_fchdfsDeclarationDetailTrans_1]. Total errors [0] 
READER_1_3_1> AMAZONREDSHIFT_10000 [2024-08-03 03:50:35.763] [INFO] The total time taken to read the files and push the data to the output buffer is 1,336.792 seconds.
TRANSF_1_3_1> DBG_21216 [2024-08-03 03:50:35.764] Finished transformations for Source Qualifier [SRC_fchdfsDeclarationDetailTrans_2]. Total errors [0] 
TRANSF_1_7_1> SORT_40421 [2024-08-03 03:50:35.764] End of input for Transformation [SRT_JoinRequirementTbl_Srt1]. : (Sat Aug 03 03:50:35 2024)
TRANSF_1_2_1> SORT_40420 [2024-08-03 03:50:40.394] Start of input for Transformation [SRT_JoinDimNbRequirementRef_Srt0]. : (Sat Aug 03 03:50:40 2024)
TRANSF_1_2_1> SORT_40422 [2024-08-03 03:51:37.554] End of output from Sorter Transformation [SRT_JoinRequirementTbl_Srt0]. Processed 3014046 rows (319651832 input bytes; 0 temp I/O bytes). : (Sat Aug 03 03:51:37 2024)
TRANSF_1_2_1> SORT_40423 [2024-08-03 03:51:37.622] End of sort for Sorter Transformation [SRT_JoinRequirementTbl_Srt0]. : (Sat Aug 03 03:51:37 2024)
TRANSF_1_2_1> DBG_21216 [2024-08-03 03:51:37.622] Finished transformations for Source Qualifier [SRC_HiveRequirement]. Total errors [0] 
TRANSF_1_7_1> SORT_40422 [2024-08-03 03:53:17.387] End of output from Sorter Transformation [SRT_JoinRequirementTbl_Srt1]. Processed 46589963 rows (8406499844 input bytes; 8444350464 temp I/O bytes). : (Sat Aug 03 03:53:17 2024)
TRANSF_1_7_1> SORT_40427 [2024-08-03 03:53:17.387] Sorter Transformation [SRT_JoinRequirementTbl_Srt1] required 2-pass sort (1-pass temp I/O: 8444350464 bytes). You may try to set the cache size to 9046 MB or higher for 1-pass in-memory sort.
TRANSF_1_7_1> SORT_40423 [2024-08-03 03:53:17.548] End of sort for Sorter Transformation [SRT_JoinRequirementTbl_Srt1]. : (Sat Aug 03 03:53:17 2024)
TRANSF_1_7_1> SORT_40421 [2024-08-03 03:53:17.548] End of input for Transformation [SRT_JoinDimNbRequirementRef_Srt0]. : (Sat Aug 03 03:53:17 2024)
READER_1_1_1> AMAZONREDSHIFT_10000 [2024-08-03 04:03:20.724] [INFO] The total time taken to read the files and push the data to the output buffer is 2,108.503 seconds.
TRANSF_1_1_1> SORT_40421 [2024-08-03 04:03:20.724] End of input for Transformation [SRT_JoinDimNbRequirementRef_Srt1]. : (Sat Aug 03 04:03:20 2024)
TRANSF_1_5_1> CMN_1761 [2024-08-03 04:03:29.677] Timestamp Event: [Sat Aug 03 04:03:29 2024]
TRANSF_1_5_1> JAVA PLUGIN_1762 [2024-08-03 04:03:29.677] [ERROR] com.informatica.cci.cloud.client.impl.CCIClientExceptionImpl: Invalid expression string for filter condition.
TRANSF_1_5_1> CMN_1761 [2024-08-03 04:03:29.677] Timestamp Event: [Sat Aug 03 04:03:29 2024]
TRANSF_1_5_1> JAVA PLUGIN_1762 [2024-08-03 04:03:29.677] [ERROR] 	at com.informatica.cci.cloud.client.impl.CCIRuntimeMetadataClientImpl.addFilter(CCIRuntimeMetadataClientImpl.java:404)
TRANSF_1_5_1> CMN_1761 [2024-08-03 04:03:29.677] Timestamp Event: [Sat Aug 03 04:03:29 2024]
TRANSF_1_5_1> JAVA PLUGIN_1762 [2024-08-03 04:03:29.677] [ERROR] 	at com.informatica.cloud.api.adapter.cci.lookup.CCILookupPartitionDriver.execute(CCILookupPartitionDriver.java:223)
TRANSF_1_5_1> CMN_1761 [2024-08-03 04:03:29.678] Timestamp Event: [Sat Aug 03 04:03:29 2024]
TRANSF_1_5_1> JAVA PLUGIN_1762 [2024-08-03 04:03:29.678] [ERROR] Caused by: java.lang.RuntimeException: Invalid expression string for filter condition.
TRANSF_1_5_1> CMN_1761 [2024-08-03 04:03:29.678] Timestamp Event: [Sat Aug 03 04:03:29 2024]
TRANSF_1_5_1> JAVA PLUGIN_1762 [2024-08-03 04:03:29.678] [ERROR] 	at com.informatica.sdk.adapter.metadata.utils.ASOOperationUtils.addFilter(ASOOperationUtils.java:1327)
TRANSF_1_5_1> CMN_1761 [2024-08-03 04:03:29.678] Timestamp Event: [Sat Aug 03 04:03:29 2024]
TRANSF_1_5_1> JAVA PLUGIN_1762 [2024-08-03 04:03:29.678] [ERROR] 	at com.informatica.cci.cloud.client.impl.CCIRuntimeMetadataClientImpl.addFilter(CCIRuntimeMetadataClientImpl.java:396)
TRANSF_1_5_1> CMN_1761 [2024-08-03 04:03:29.678] Timestamp Event: [Sat Aug 03 04:03:29 2024]
TRANSF_1_5_1> JAVA PLUGIN_1762 [2024-08-03 04:03:29.678] [ERROR] 	... 1 more
TRANSF_1_5_1> CMN_1761 [2024-08-03 04:03:29.678] Timestamp Event: [Sat Aug 03 04:03:29 2024]
TRANSF_1_5_1> JAVA PLUGIN_1762 [2024-08-03 04:03:29.678] [ERROR] com.informatica.powercenter.sdk.SDKException: Invalid expression string for filter condition.
TRANSF_1_5_1> CMN_1761 [2024-08-03 04:03:29.678] Timestamp Event: [Sat Aug 03 04:03:29 2024]
TRANSF_1_5_1> JAVA PLUGIN_1762 [2024-08-03 04:03:29.678] [ERROR] 	at com.informatica.cloud.api.adapter.cci.lookup.CCILookupPartitionDriver.execute(CCILookupPartitionDriver.java:230)
TRANSF_1_5_1> CMN_1761 [2024-08-03 04:03:29.678] Timestamp Event: [Sat Aug 03 04:03:29 2024]
TRANSF_1_5_1> TM_6085 [2024-08-03 04:03:29.678] A fatal error occurred at  transformation [LKP_LkpDimNbVendor], and the session is terminating. 
TRANSF_1_5_1> CMN_1761 [2024-08-03 04:03:29.678] Timestamp Event: [Sat Aug 03 04:03:29 2024]
TRANSF_1_5_1> TM_6085 [2024-08-03 04:03:29.678] A fatal error occurred at  transformation [JNR_JoinDimNbRequirementRef], and the session is terminating. 
TRANSF_1_5_1> CMN_1761 [2024-08-03 04:03:29.678] Timestamp Event: [Sat Aug 03 04:03:29 2024]
TRANSF_1_5_1> TM_6085 [2024-08-03 04:03:29.678] A fatal error occurred at  transformation [JNR_JoinDimNbRequirementRef], and the session is terminating. 
TRANSF_1_5_1> CMN_1761 [2024-08-03 04:03:29.678] Timestamp Event: [Sat Aug 03 04:03:29 2024]
TRANSF_1_5_1> TM_6085 [2024-08-03 04:03:29.678] A fatal error occurred at  transformation [JNR_JoinDimNbRequirementRef], and the session is terminating. 
TRANSF_1_5_1> CMN_1761 [2024-08-03 04:03:29.678] Timestamp Event: [Sat Aug 03 04:03:29 2024]
TRANSF_1_5_1> TM_6085 [2024-08-03 04:03:29.678] A fatal error occurred at  transformation [JNR_JoinDimNbRequirementRef], and the session is terminating. 
TRANSF_1_5_1> CMN_1761 [2024-08-03 04:03:29.678] Timestamp Event: [Sat Aug 03 04:03:29 2024]
TRANSF_1_5_1> TM_6085 [2024-08-03 04:03:29.678] A fatal error occurred at  transformation [JNR_JoinDimNbRequirementRef], and the session is terminating. 
TRANSF_1_5_1> DBG_21511 [2024-08-03 04:03:29.678] TE: Fatal Transformation Error.
WRITER_1_*_1> WRT_8167 [2024-08-03 04:03:29.685] Start loading table [fact_nb_declaration_detail_declaration3_set1_2: Partition 1] at: Sat Aug 03 04:03:29 2024
WRITER_1_*_1> WRT_8333 [2024-08-03 04:03:29.685] Rolling back all the targets due to fatal session error.
WRITER_1_*_1> CMN_1761 [2024-08-03 04:03:29.686] Timestamp Event: [Sat Aug 03 04:03:29 2024]
WRITER_1_*_1> WRT_8170 [2024-08-03 04:03:29.686] Writer run terminated: Abort Session request received from the DTM
WRITER_1_*_1> WRT_8168 [2024-08-03 04:03:29.686] End loading table [fact_nb_declaration_detail_declaration3_set1_2: Partition 1] at: Sat Aug 03 04:03:29 2024
WRITER_1_*_1> WRT_8168 [2024-08-03 04:03:29.686] End loading table [fact_nb_declaration_detail_declaration3_set1_3: Partition 1] at: Sat Aug 03 04:03:29 2024
WRITER_1_*_1> WRT_8168 [2024-08-03 04:03:29.686] End loading table [fact_nb_declaration_detail_declaration3_set1_1: Partition 1] at: Sat Aug 03 04:03:29 2024
TRANSF_1_1_1> CMN_1761 [2024-08-03 04:03:29.713] Timestamp Event: [Sat Aug 03 04:03:29 2024]
TRANSF_1_1_1> TM_6085 [2024-08-03 04:03:29.713] A fatal error occurred at  transformation [JNR_JoinDimNbRequirementRef], and the session is terminating. 
TRANSF_1_7_1> CMN_1761 [2024-08-03 04:03:29.713] Timestamp Event: [Sat Aug 03 04:03:29 2024]
TRANSF_1_7_1> TM_6085 [2024-08-03 04:03:29.713] A fatal error occurred at  transformation [JNR_JoinDimNbRequirementRef], and the session is terminating. 
TRANSF_1_1_1> CMN_1761 [2024-08-03 04:03:29.713] Timestamp Event: [Sat Aug 03 04:03:29 2024]
TRANSF_1_1_1> TM_6085 [2024-08-03 04:03:29.713] A fatal error occurred at  transformation [SRT_JoinDimNbRequirementRef_Srt1], and the session is terminating. 
TRANSF_1_7_1> CMN_1761 [2024-08-03 04:03:29.713] Timestamp Event: [Sat Aug 03 04:03:29 2024]
TRANSF_1_7_1> TM_6085 [2024-08-03 04:03:29.713] A fatal error occurred at  transformation [SRT_JoinDimNbRequirementRef_Srt0], and the session is terminating. 
TRANSF_1_1_1> CMN_1761 [2024-08-03 04:03:29.904] Timestamp Event: [Sat Aug 03 04:03:29 2024]
TRANSF_1_1_1> DBG_21194 [2024-08-03 04:03:29.904] SRT_JoinDimNbRequirementRef_Srt1: ERROR [22050] in processing Eof for input group 0
TRANSF_1_1_1> DBG_21190 [2024-08-03 04:03:29.904] ERROR: SRC_HiveDimNbRequirementRef_SQLEXP: Got error sending Eof to [SRT_JoinDimNbRequirementRef_Srt1] on input group [0] 
TRANSF_1_1_1> DBG_21511 [2024-08-03 04:03:29.904] TE: Fatal Transformation Error.
TRANSF_1_7_1> CMN_1761 [2024-08-03 04:03:30.059] Timestamp Event: [Sat Aug 03 04:03:30 2024]
TRANSF_1_7_1> DBG_21194 [2024-08-03 04:03:30.059] SRT_JoinDimNbRequirementRef_Srt0: ERROR [22050] in processing Eof for input group 0
TRANSF_1_7_1> DBG_21215 [2024-08-03 04:03:30.059] Finished processing detail relation : (Sat Aug 03 04:03:30 2024)
TRANSF_1_7_1> DBG_21190 [2024-08-03 04:03:30.062] ERROR: SRT_JoinRequirementTbl_Srt1: Got error sending Eof to [JNR_JoinRequirementTbl] on input group [0] 
TRANSF_1_7_1> DBG_21190 [2024-08-03 04:03:30.062] ERROR: UN_FnlSrcRec: Got error sending Eof to [SRT_JoinRequirementTbl_Srt1] on input group [0] 
TRANSF_1_7_1> DBG_21511 [2024-08-03 04:03:30.062] TE: Fatal Transformation Error.
WRITER_1_*_1> WRT_8035 [2024-08-03 04:03:44.733] Load complete time: Sat Aug 03 04:03:44 2024

LOAD SUMMARY
============

WRT_8036 Target: fact_nb_declaration_detail_declaration3_set1_2: Partition 1 (Instance Name: [fact_nb_declaration_detail_declaration3_set1_2])
WRT_8044 No data loaded for this target


WRT_8036 Target: fact_nb_declaration_detail_declaration3_set1_3: Partition 1 (Instance Name: [fact_nb_declaration_detail_declaration3_set1_3])
WRT_8044 No data loaded for this target


WRT_8036 Target: fact_nb_declaration_detail_declaration3_set1_1: Partition 1 (Instance Name: [fact_nb_declaration_detail_declaration3_set1_1])
WRT_8044 No data loaded for this target



WRITER_1_*_1> WRT_8043 [2024-08-03 04:03:44.733] *****END LOAD SESSION*****
MANAGER> PETL_24031 [2024-08-03 04:03:48.173] 
***** RUN INFO FOR TGT LOAD ORDER GROUP [1], CONCURRENT SET [1] *****
Thread [READER_1_1_1] created for [the read stage] of partition point [SRC_HiveDimNbRequirementRef] has completed.
	Total Run Time = [2081.082832] secs
	Total Idle Time = [0.000000] secs
	Busy Percentage = [100.000000]
Thread [TRANSF_1_1_1] created for [the transformation stage] of partition point [SRC_HiveDimNbRequirementRef] has completed.
	Total Run Time = [2005.304922] secs
	Total Idle Time = [1968.919467] secs
	Busy Percentage = [1.814460]
	Transformation-specific statistics for this thread were not accurate enough to report.
Thread [READER_1_2_1] created for [the read stage] of partition point [SRC_HiveRequirement] has completed.
	Total Run Time = [156.736389] secs
	Total Idle Time = [0.000000] secs
	Busy Percentage = [100.000000]
Thread [TRANSF_1_2_1] created for [the transformation stage] of partition point [SRC_HiveRequirement] has completed.
	Total Run Time = [1355.815138] secs
	Total Idle Time = [1344.641711] secs
	Busy Percentage = [0.824111]
	Thread work time breakdown:
		JNR_JoinRequirementTbl: 99.508197 percent
		SRT_JoinDimNbRequirementRef_Srt0: 0.491803 percent
Thread [READER_1_3_1] created for [the read stage] of partition point [SRC_fchdfsDeclarationDetailTrans_2] has completed.
	Total Run Time = [1316.122025] secs
	Total Idle Time = [1.980362] secs
	Busy Percentage = [99.849531]
Thread [TRANSF_1_3_1] created for [the transformation stage] of partition point [SRC_fchdfsDeclarationDetailTrans_2] has completed.
	Total Run Time = [1158.810210] secs
	Total Idle Time = [1124.874249] secs
	Busy Percentage = [2.928518]
	Thread work time breakdown:
		UN_FnlSrcRec: 100.000000 percent
Thread [READER_1_4_1] created for [the read stage] of partition point [SRC_fchdfsDeclarationDetailTrans_1] has completed.
	Total Run Time = [965.798769] secs
	Total Idle Time = [2.691373] secs
	Busy Percentage = [99.721332]
Thread [TRANSF_1_4_1] created for [the transformation stage] of partition point [SRC_fchdfsDeclarationDetailTrans_1] has completed.
	Total Run Time = [833.690356] secs
	Total Idle Time = [809.548914] secs
	Busy Percentage = [2.895732]
	Thread work time breakdown:
		UN_FnlSrcRec: 100.000000 percent
Thread [TRANSF_1_5_1] created for [the transformation stage] of partition point [JNR_JoinDimNbRequirementRef] has completed.
	Total Run Time = [601.014614] secs
	Total Idle Time = [596.910891] secs
	Busy Percentage = [0.682799]
	Transformation-specific statistics for this thread were not accurate enough to report.
Thread [TRANSF_1_7_1] created for [the transformation stage] of partition point [UN_FnlSrcRec] has completed.
	Total Run Time = [1958.304021] secs
	Total Idle Time = [1545.627347] secs
	Busy Percentage = [21.073167]
	Thread work time breakdown:
		UN_FnlSrcRec: 18.000000 percent
		SRT_JoinRequirementTbl_Srt1: 7.200000 percent
		JNR_JoinRequirementTbl: 6.200000 percent
		SRT_JoinDimNbRequirementRef_Srt0: 8.600000 percent
		JNR_JoinDimNbRequirementRef: 60.000000 percent
Thread [WRITER_1_*_1] created for [the write stage] of partition point [fact_nb_declaration_detail_declaration3_set1_2, fact_nb_declaration_detail_declaration3_set1_3, fact_nb_declaration_detail_declaration3_set1_1] has completed.
	Total Run Time = [2045.735398] secs
	Total Idle Time = [2030.684789] secs
	Busy Percentage = [0.735707]

MANAGER> PETL_24005 [2024-08-03 04:03:48.259] Starting post-session tasks. : (Sat Aug 03 04:03:48 2024)
POST-SESS> PETL_24091 [2024-08-03 04:03:48.260] Thread [POST-SESS] has the ID [16].
MANAGER> PETL_24029 [2024-08-03 04:03:48.261] Post-session task completed successfully. : (Sat Aug 03 04:03:48 2024)
MAPPING> SDKS_38510 [2024-08-03 04:03:48.262] SDK target and group deinitialized with status [-1].
MAPPING> SDKS_38025 [2024-08-03 04:03:48.262] Plug-in 451600 deinitialized and unloaded with status [-1].
MAPPING> SDKS_38019 [2024-08-03 04:03:48.262] Writer SDK plug-ins deinitialized with status [-1].
MAPPING> SDKS_38025 [2024-08-03 04:03:48.262] Plug-in 451600 deinitialized and unloaded with status [-1].
MAPPING> SDKS_38018 [2024-08-03 04:03:48.263] Reader SDK plug-ins deinitialized with status [-1].
MAPPING> TM_6018 [2024-08-03 04:03:48.265] The session completed with [0] row transformation errors. 
MANAGER> PETL_24002 [2024-08-03 04:03:48.637] Parallel Pipeline Engine finished.
DIRECTOR> PETL_24013 [2024-08-03 04:03:48.637] Session run completed with failure.
DIRECTOR> TM_6022 [2024-08-03 04:03:48.637] 

SESSION LOAD SUMMARY
================================================

DIRECTOR> TM_6252 [2024-08-03 04:03:48.637] Source Load Summary.
DIRECTOR> CMN_1740 [2024-08-03 04:03:48.637] Table: [SRC_HiveDimNbRequirementRef] (Instance Name: [SRC_HiveDimNbRequirementRef] Instance UI Name: [SRC_HiveDimNbRequirementRef])
	 Output Rows [119236742], Affected Rows [119236742], Applied Rows [119236742], Rejected Rows [0]
DIRECTOR> CMN_1740 [2024-08-03 04:03:48.637] Table: [SRC_HiveRequirement] (Instance Name: [SRC_HiveRequirement] Instance UI Name: [SRC_HiveRequirement])
	 Output Rows [3014046], Affected Rows [3014046], Applied Rows [3014046], Rejected Rows [0]
DIRECTOR> CMN_1740 [2024-08-03 04:03:48.637] Table: [SRC_fchdfsDeclarationDetailTrans_2] (Instance Name: [SRC_fchdfsDeclarationDetailTrans_2] Instance UI Name: [SRC_fchdfsDeclarationDetailTrans_2])
	 Output Rows [26526565], Affected Rows [26526565], Applied Rows [26526565], Rejected Rows [0]
DIRECTOR> CMN_1740 [2024-08-03 04:03:48.637] Table: [SRC_fchdfsDeclarationDetailTrans_1] (Instance Name: [SRC_fchdfsDeclarationDetailTrans_1] Instance UI Name: [SRC_fchdfsDeclarationDetailTrans_1])
	 Output Rows [20063398], Affected Rows [20063398], Applied Rows [20063398], Rejected Rows [0]
DIRECTOR> TM_6253 [2024-08-03 04:03:48.637] Target Load Summary.
DIRECTOR> CMN_1740 [2024-08-03 04:03:48.637] Table: [fact_nb_declaration_detail_declaration3_set1_2] (Instance Name: [fact_nb_declaration_detail_declaration3_set1_2] Instance UI Name: [TGT_fchdfsDeclarationDetailTrans3Set1_2])
	 Output Rows [0], Affected Rows [0], Applied Rows [0], Rejected Rows [0]
DIRECTOR> CMN_1740 [2024-08-03 04:03:48.637] Table: [fact_nb_declaration_detail_declaration3_set1_3] (Instance Name: [fact_nb_declaration_detail_declaration3_set1_3] Instance UI Name: [TGT_fchdfsDeclarationDetailTrans3Set1_3])
	 Output Rows [0], Affected Rows [0], Applied Rows [0], Rejected Rows [0]
DIRECTOR> CMN_1740 [2024-08-03 04:03:48.637] Table: [fact_nb_declaration_detail_declaration3_set1_1] (Instance Name: [fact_nb_declaration_detail_declaration3_set1_1] Instance UI Name: [TGT_fchdfsDeclarationDetailTrans3Set11])
	 Output Rows [0], Affected Rows [0], Applied Rows [0], Rejected Rows [0]
DIRECTOR> TM_6023 [2024-08-03 04:03:48.637] 
===================================================

DIRECTOR> TM_6020 [2024-08-03 04:03:48.637] Session [s_mtt_01CAKB0Z000000000BFW] completed at [Sat Aug 03 04:03:48 2024].
